
=== 2025-05-27 00:39:55 - Chi tiết tạo chữ ký VNPay ===
rawParams: {"vnp_Version":"2.1.0","vnp_Command":"pay","vnp_TmnCode":"BXG8SRK8","vnp_Locale":"vn","vnp_CurrCode":"VND","vnp_TxnRef":"20250527003955242","vnp_OrderInfo":"Thanh toán đặt chỗ B12 - 2025-05-27","vnp_OrderType":"billpayment","vnp_Amount":"100000000","vnp_ReturnUrl":"https://1782-113-22-46-72.ngrok-free.app/api/payment/vnpay-return","vnp_IpAddr":"192.168.0.101","vnp_CreateDate":"20250527003955","vnp_BankCode":"NCB"}
Raw JSON: {
  "rawParams": {
    "vnp_Version": "2.1.0",
    "vnp_Command": "pay",
    "vnp_TmnCode": "BXG8SRK8",
    "vnp_Locale": "vn",
    "vnp_CurrCode": "VND",
    "vnp_TxnRef": "20250527003955242",
    "vnp_OrderInfo": "Thanh toán đặt chỗ B12 - 2025-05-27",
    "vnp_OrderType": "billpayment",
    "vnp_Amount": "100000000",
    "vnp_ReturnUrl": "https://1782-113-22-46-72.ngrok-free.app/api/payment/vnpay-return",
    "vnp_IpAddr": "192.168.0.101",
    "vnp_CreateDate": "20250527003955",
    "vnp_BankCode": "NCB"
  }
}

=== 2025-05-27 00:39:55 - Chi tiết tạo chữ ký VNPay ===
sortedParams: {"vnp_Amount":"100000000","vnp_BankCode":"NCB","vnp_Command":"pay","vnp_CreateDate":"20250527003955","vnp_CurrCode":"VND","vnp_IpAddr":"192.168.0.101","vnp_Locale":"vn","vnp_OrderInfo":"Thanh+to%C3%A1n+%C4%91%E1%BA%B7t+ch%E1%BB%97+B12+-+2025-05-27","vnp_OrderType":"billpayment","vnp_ReturnUrl":"https%3A%2F%2F1782-113-22-46-72.ngrok-free.app%2Fapi%2Fpayment%2Fvnpay-return","vnp_TmnCode":"BXG8SRK8","vnp_TxnRef":"20250527003955242","vnp_Version":"2.1.0"}
Raw JSON: {
  "sortedParams": {
    "vnp_Amount": "100000000",
    "vnp_BankCode": "NCB",
    "vnp_Command": "pay",
    "vnp_CreateDate": "20250527003955",
    "vnp_CurrCode": "VND",
    "vnp_IpAddr": "192.168.0.101",
    "vnp_Locale": "vn",
    "vnp_OrderInfo": "Thanh+to%C3%A1n+%C4%91%E1%BA%B7t+ch%E1%BB%97+B12+-+2025-05-27",
    "vnp_OrderType": "billpayment",
    "vnp_ReturnUrl": "https%3A%2F%2F1782-113-22-46-72.ngrok-free.app%2Fapi%2Fpayment%2Fvnpay-return",
    "vnp_TmnCode": "BXG8SRK8",
    "vnp_TxnRef": "20250527003955242",
    "vnp_Version": "2.1.0"
  }
}

=== 2025-05-27 00:39:55 - Chi tiết tạo chữ ký VNPay ===
signData: "vnp_Amount=100000000&vnp_BankCode=NCB&vnp_Command=pay&vnp_CreateDate=20250527003955&vnp_CurrCode=VND&vnp_IpAddr=192.168.0.101&vnp_Locale=vn&vnp_OrderInfo=Thanh+to%C3%A1n+%C4%91%E1%BA%B7t+ch%E1%BB%97+B12+-+2025-05-27&vnp_OrderType=billpayment&vnp_ReturnUrl=https%3A%2F%2F1782-113-22-46-72.ngrok-free.app%2Fapi%2Fpayment%2Fvnpay-return&vnp_TmnCode=BXG8SRK8&vnp_TxnRef=20250527003955242&vnp_Version=2.1.0"
secretKey: "CCO21KBSH3AZNGQAQO7YT9K1V0X88NEV"
Raw JSON: {
  "signData": "vnp_Amount=100000000&vnp_BankCode=NCB&vnp_Command=pay&vnp_CreateDate=20250527003955&vnp_CurrCode=VND&vnp_IpAddr=192.168.0.101&vnp_Locale=vn&vnp_OrderInfo=Thanh+to%C3%A1n+%C4%91%E1%BA%B7t+ch%E1%BB%97+B12+-+2025-05-27&vnp_OrderType=billpayment&vnp_ReturnUrl=https%3A%2F%2F1782-113-22-46-72.ngrok-free.app%2Fapi%2Fpayment%2Fvnpay-return&vnp_TmnCode=BXG8SRK8&vnp_TxnRef=20250527003955242&vnp_Version=2.1.0",
  "secretKey": "CCO21KBSH3AZNGQAQO7YT9K1V0X88NEV"
}

=== 2025-05-27 00:39:55 - Chi tiết tạo chữ ký VNPay ===
signatureHex: "19e6c19b2617743a1736b45266d979c8f5381182fa93c252966f0875a21038ab98aa18c448256df807834e047ff862ed6c159ac3eac9a82ecf80d65f04c96964"
hmacAlgorithm: "sha512"
Raw JSON: {
  "signatureHex": "19e6c19b2617743a1736b45266d979c8f5381182fa93c252966f0875a21038ab98aa18c448256df807834e047ff862ed6c159ac3eac9a82ecf80d65f04c96964",
  "hmacAlgorithm": "sha512"
}

=== 2025-05-27 02:28:53 - Chi tiết tạo chữ ký VNPay ===
rawParams: {"vnp_Version":"2.1.0","vnp_Command":"pay","vnp_TmnCode":"BXG8SRK8","vnp_Locale":"vn","vnp_CurrCode":"VND","vnp_TxnRef":"20250527022852256","vnp_OrderInfo":"Thanh toán đặt chỗ K04 - 2025-05-27","vnp_OrderType":"billpayment","vnp_Amount":"100000000","vnp_ReturnUrl":"https://1782-113-22-46-72.ngrok-free.app/api/payment/vnpay-return","vnp_IpAddr":"192.168.0.101","vnp_CreateDate":"20250527022852","vnp_BankCode":"NCB"}
Raw JSON: {
  "rawParams": {
    "vnp_Version": "2.1.0",
    "vnp_Command": "pay",
    "vnp_TmnCode": "BXG8SRK8",
    "vnp_Locale": "vn",
    "vnp_CurrCode": "VND",
    "vnp_TxnRef": "20250527022852256",
    "vnp_OrderInfo": "Thanh toán đặt chỗ K04 - 2025-05-27",
    "vnp_OrderType": "billpayment",
    "vnp_Amount": "100000000",
    "vnp_ReturnUrl": "https://1782-113-22-46-72.ngrok-free.app/api/payment/vnpay-return",
    "vnp_IpAddr": "192.168.0.101",
    "vnp_CreateDate": "20250527022852",
    "vnp_BankCode": "NCB"
  }
}

=== 2025-05-27 02:28:53 - Chi tiết tạo chữ ký VNPay ===
sortedParams: {"vnp_Amount":"100000000","vnp_BankCode":"NCB","vnp_Command":"pay","vnp_CreateDate":"20250527022852","vnp_CurrCode":"VND","vnp_IpAddr":"192.168.0.101","vnp_Locale":"vn","vnp_OrderInfo":"Thanh+to%C3%A1n+%C4%91%E1%BA%B7t+ch%E1%BB%97+K04+-+2025-05-27","vnp_OrderType":"billpayment","vnp_ReturnUrl":"https%3A%2F%2F1782-113-22-46-72.ngrok-free.app%2Fapi%2Fpayment%2Fvnpay-return","vnp_TmnCode":"BXG8SRK8","vnp_TxnRef":"20250527022852256","vnp_Version":"2.1.0"}
Raw JSON: {
  "sortedParams": {
    "vnp_Amount": "100000000",
    "vnp_BankCode": "NCB",
    "vnp_Command": "pay",
    "vnp_CreateDate": "20250527022852",
    "vnp_CurrCode": "VND",
    "vnp_IpAddr": "192.168.0.101",
    "vnp_Locale": "vn",
    "vnp_OrderInfo": "Thanh+to%C3%A1n+%C4%91%E1%BA%B7t+ch%E1%BB%97+K04+-+2025-05-27",
    "vnp_OrderType": "billpayment",
    "vnp_ReturnUrl": "https%3A%2F%2F1782-113-22-46-72.ngrok-free.app%2Fapi%2Fpayment%2Fvnpay-return",
    "vnp_TmnCode": "BXG8SRK8",
    "vnp_TxnRef": "20250527022852256",
    "vnp_Version": "2.1.0"
  }
}

=== 2025-05-27 02:28:53 - Chi tiết tạo chữ ký VNPay ===
signData: "vnp_Amount=100000000&vnp_BankCode=NCB&vnp_Command=pay&vnp_CreateDate=20250527022852&vnp_CurrCode=VND&vnp_IpAddr=192.168.0.101&vnp_Locale=vn&vnp_OrderInfo=Thanh+to%C3%A1n+%C4%91%E1%BA%B7t+ch%E1%BB%97+K04+-+2025-05-27&vnp_OrderType=billpayment&vnp_ReturnUrl=https%3A%2F%2F1782-113-22-46-72.ngrok-free.app%2Fapi%2Fpayment%2Fvnpay-return&vnp_TmnCode=BXG8SRK8&vnp_TxnRef=20250527022852256&vnp_Version=2.1.0"
secretKey: "CCO21KBSH3AZNGQAQO7YT9K1V0X88NEV"
Raw JSON: {
  "signData": "vnp_Amount=100000000&vnp_BankCode=NCB&vnp_Command=pay&vnp_CreateDate=20250527022852&vnp_CurrCode=VND&vnp_IpAddr=192.168.0.101&vnp_Locale=vn&vnp_OrderInfo=Thanh+to%C3%A1n+%C4%91%E1%BA%B7t+ch%E1%BB%97+K04+-+2025-05-27&vnp_OrderType=billpayment&vnp_ReturnUrl=https%3A%2F%2F1782-113-22-46-72.ngrok-free.app%2Fapi%2Fpayment%2Fvnpay-return&vnp_TmnCode=BXG8SRK8&vnp_TxnRef=20250527022852256&vnp_Version=2.1.0",
  "secretKey": "CCO21KBSH3AZNGQAQO7YT9K1V0X88NEV"
}

=== 2025-05-27 02:28:53 - Chi tiết tạo chữ ký VNPay ===
signatureHex: "a5f893c0d88a352b4a6459a1f8d87f419cb4a0e9f8164e491a806f4ad178982ce5d25f85e9154210928c349e503250fb918d0cf3c903481fcd150757fbe14eb7"
hmacAlgorithm: "sha512"
Raw JSON: {
  "signatureHex": "a5f893c0d88a352b4a6459a1f8d87f419cb4a0e9f8164e491a806f4ad178982ce5d25f85e9154210928c349e503250fb918d0cf3c903481fcd150757fbe14eb7",
  "hmacAlgorithm": "sha512"
}

=== 2025-05-27 02:58:25 - Chi tiết tạo chữ ký VNPay ===
rawParams: {"vnp_Version":"2.1.0","vnp_Command":"pay","vnp_TmnCode":"BXG8SRK8","vnp_Locale":"vn","vnp_CurrCode":"VND","vnp_TxnRef":"20250527025825259","vnp_OrderInfo":"Thanh toán đặt chỗ A05 - 2025-05-27","vnp_OrderType":"billpayment","vnp_Amount":"100000000","vnp_ReturnUrl":"https://1782-113-22-46-72.ngrok-free.app/api/payment/vnpay-return","vnp_IpAddr":"192.168.0.101","vnp_CreateDate":"20250527025825","vnp_BankCode":"NCB"}
Raw JSON: {
  "rawParams": {
    "vnp_Version": "2.1.0",
    "vnp_Command": "pay",
    "vnp_TmnCode": "BXG8SRK8",
    "vnp_Locale": "vn",
    "vnp_CurrCode": "VND",
    "vnp_TxnRef": "20250527025825259",
    "vnp_OrderInfo": "Thanh toán đặt chỗ A05 - 2025-05-27",
    "vnp_OrderType": "billpayment",
    "vnp_Amount": "100000000",
    "vnp_ReturnUrl": "https://1782-113-22-46-72.ngrok-free.app/api/payment/vnpay-return",
    "vnp_IpAddr": "192.168.0.101",
    "vnp_CreateDate": "20250527025825",
    "vnp_BankCode": "NCB"
  }
}

=== 2025-05-27 02:58:25 - Chi tiết tạo chữ ký VNPay ===
sortedParams: {"vnp_Amount":"100000000","vnp_BankCode":"NCB","vnp_Command":"pay","vnp_CreateDate":"20250527025825","vnp_CurrCode":"VND","vnp_IpAddr":"192.168.0.101","vnp_Locale":"vn","vnp_OrderInfo":"Thanh+to%C3%A1n+%C4%91%E1%BA%B7t+ch%E1%BB%97+A05+-+2025-05-27","vnp_OrderType":"billpayment","vnp_ReturnUrl":"https%3A%2F%2F1782-113-22-46-72.ngrok-free.app%2Fapi%2Fpayment%2Fvnpay-return","vnp_TmnCode":"BXG8SRK8","vnp_TxnRef":"20250527025825259","vnp_Version":"2.1.0"}
Raw JSON: {
  "sortedParams": {
    "vnp_Amount": "100000000",
    "vnp_BankCode": "NCB",
    "vnp_Command": "pay",
    "vnp_CreateDate": "20250527025825",
    "vnp_CurrCode": "VND",
    "vnp_IpAddr": "192.168.0.101",
    "vnp_Locale": "vn",
    "vnp_OrderInfo": "Thanh+to%C3%A1n+%C4%91%E1%BA%B7t+ch%E1%BB%97+A05+-+2025-05-27",
    "vnp_OrderType": "billpayment",
    "vnp_ReturnUrl": "https%3A%2F%2F1782-113-22-46-72.ngrok-free.app%2Fapi%2Fpayment%2Fvnpay-return",
    "vnp_TmnCode": "BXG8SRK8",
    "vnp_TxnRef": "20250527025825259",
    "vnp_Version": "2.1.0"
  }
}

=== 2025-05-27 02:58:25 - Chi tiết tạo chữ ký VNPay ===
signData: "vnp_Amount=100000000&vnp_BankCode=NCB&vnp_Command=pay&vnp_CreateDate=20250527025825&vnp_CurrCode=VND&vnp_IpAddr=192.168.0.101&vnp_Locale=vn&vnp_OrderInfo=Thanh+to%C3%A1n+%C4%91%E1%BA%B7t+ch%E1%BB%97+A05+-+2025-05-27&vnp_OrderType=billpayment&vnp_ReturnUrl=https%3A%2F%2F1782-113-22-46-72.ngrok-free.app%2Fapi%2Fpayment%2Fvnpay-return&vnp_TmnCode=BXG8SRK8&vnp_TxnRef=20250527025825259&vnp_Version=2.1.0"
secretKey: "CCO21KBSH3AZNGQAQO7YT9K1V0X88NEV"
Raw JSON: {
  "signData": "vnp_Amount=100000000&vnp_BankCode=NCB&vnp_Command=pay&vnp_CreateDate=20250527025825&vnp_CurrCode=VND&vnp_IpAddr=192.168.0.101&vnp_Locale=vn&vnp_OrderInfo=Thanh+to%C3%A1n+%C4%91%E1%BA%B7t+ch%E1%BB%97+A05+-+2025-05-27&vnp_OrderType=billpayment&vnp_ReturnUrl=https%3A%2F%2F1782-113-22-46-72.ngrok-free.app%2Fapi%2Fpayment%2Fvnpay-return&vnp_TmnCode=BXG8SRK8&vnp_TxnRef=20250527025825259&vnp_Version=2.1.0",
  "secretKey": "CCO21KBSH3AZNGQAQO7YT9K1V0X88NEV"
}

=== 2025-05-27 02:58:25 - Chi tiết tạo chữ ký VNPay ===
signatureHex: "9da0a0082dc9e9e7450e91a29375075d6983c249300613bbe7eb4fedf86e44a5b90e00d012691d0a0bf410bae4c5e29e3c841e5b3fa3bcfca4e2a15b438eb3ba"
hmacAlgorithm: "sha512"
Raw JSON: {
  "signatureHex": "9da0a0082dc9e9e7450e91a29375075d6983c249300613bbe7eb4fedf86e44a5b90e00d012691d0a0bf410bae4c5e29e3c841e5b3fa3bcfca4e2a15b438eb3ba",
  "hmacAlgorithm": "sha512"
}

=== 2025-05-27 12:16:38 - Chi tiết tạo chữ ký VNPay ===
rawParams: {"vnp_Version":"2.1.0","vnp_Command":"pay","vnp_TmnCode":"BXG8SRK8","vnp_Locale":"vn","vnp_CurrCode":"VND","vnp_TxnRef":"20250527121638262","vnp_OrderInfo":"Thanh toán đặt chỗ C12 - 2025-05-27","vnp_OrderType":"billpayment","vnp_Amount":"100000000","vnp_ReturnUrl":"https://c7ea-113-22-46-72.ngrok-free.app/api/payment/vnpay-return","vnp_IpAddr":"192.168.0.101","vnp_CreateDate":"20250527121638","vnp_BankCode":"NCB"}
Raw JSON: {
  "rawParams": {
    "vnp_Version": "2.1.0",
    "vnp_Command": "pay",
    "vnp_TmnCode": "BXG8SRK8",
    "vnp_Locale": "vn",
    "vnp_CurrCode": "VND",
    "vnp_TxnRef": "20250527121638262",
    "vnp_OrderInfo": "Thanh toán đặt chỗ C12 - 2025-05-27",
    "vnp_OrderType": "billpayment",
    "vnp_Amount": "100000000",
    "vnp_ReturnUrl": "https://c7ea-113-22-46-72.ngrok-free.app/api/payment/vnpay-return",
    "vnp_IpAddr": "192.168.0.101",
    "vnp_CreateDate": "20250527121638",
    "vnp_BankCode": "NCB"
  }
}

=== 2025-05-27 12:16:38 - Chi tiết tạo chữ ký VNPay ===
sortedParams: {"vnp_Amount":"100000000","vnp_BankCode":"NCB","vnp_Command":"pay","vnp_CreateDate":"20250527121638","vnp_CurrCode":"VND","vnp_IpAddr":"192.168.0.101","vnp_Locale":"vn","vnp_OrderInfo":"Thanh+to%C3%A1n+%C4%91%E1%BA%B7t+ch%E1%BB%97+C12+-+2025-05-27","vnp_OrderType":"billpayment","vnp_ReturnUrl":"https%3A%2F%2Fc7ea-113-22-46-72.ngrok-free.app%2Fapi%2Fpayment%2Fvnpay-return","vnp_TmnCode":"BXG8SRK8","vnp_TxnRef":"20250527121638262","vnp_Version":"2.1.0"}
Raw JSON: {
  "sortedParams": {
    "vnp_Amount": "100000000",
    "vnp_BankCode": "NCB",
    "vnp_Command": "pay",
    "vnp_CreateDate": "20250527121638",
    "vnp_CurrCode": "VND",
    "vnp_IpAddr": "192.168.0.101",
    "vnp_Locale": "vn",
    "vnp_OrderInfo": "Thanh+to%C3%A1n+%C4%91%E1%BA%B7t+ch%E1%BB%97+C12+-+2025-05-27",
    "vnp_OrderType": "billpayment",
    "vnp_ReturnUrl": "https%3A%2F%2Fc7ea-113-22-46-72.ngrok-free.app%2Fapi%2Fpayment%2Fvnpay-return",
    "vnp_TmnCode": "BXG8SRK8",
    "vnp_TxnRef": "20250527121638262",
    "vnp_Version": "2.1.0"
  }
}

=== 2025-05-27 12:16:38 - Chi tiết tạo chữ ký VNPay ===
signData: "vnp_Amount=100000000&vnp_BankCode=NCB&vnp_Command=pay&vnp_CreateDate=20250527121638&vnp_CurrCode=VND&vnp_IpAddr=192.168.0.101&vnp_Locale=vn&vnp_OrderInfo=Thanh+to%C3%A1n+%C4%91%E1%BA%B7t+ch%E1%BB%97+C12+-+2025-05-27&vnp_OrderType=billpayment&vnp_ReturnUrl=https%3A%2F%2Fc7ea-113-22-46-72.ngrok-free.app%2Fapi%2Fpayment%2Fvnpay-return&vnp_TmnCode=BXG8SRK8&vnp_TxnRef=20250527121638262&vnp_Version=2.1.0"
secretKey: "CCO21KBSH3AZNGQAQO7YT9K1V0X88NEV"
Raw JSON: {
  "signData": "vnp_Amount=100000000&vnp_BankCode=NCB&vnp_Command=pay&vnp_CreateDate=20250527121638&vnp_CurrCode=VND&vnp_IpAddr=192.168.0.101&vnp_Locale=vn&vnp_OrderInfo=Thanh+to%C3%A1n+%C4%91%E1%BA%B7t+ch%E1%BB%97+C12+-+2025-05-27&vnp_OrderType=billpayment&vnp_ReturnUrl=https%3A%2F%2Fc7ea-113-22-46-72.ngrok-free.app%2Fapi%2Fpayment%2Fvnpay-return&vnp_TmnCode=BXG8SRK8&vnp_TxnRef=20250527121638262&vnp_Version=2.1.0",
  "secretKey": "CCO21KBSH3AZNGQAQO7YT9K1V0X88NEV"
}

=== 2025-05-27 12:16:38 - Chi tiết tạo chữ ký VNPay ===
signatureHex: "85427da8f00c819b4a170ca383f120ff6a06987d469403a279da8e87a02f7ce3624cb8345818484f1cff552009d6a3d970524b7dfcfdb60f00ae302d19db4de7"
hmacAlgorithm: "sha512"
Raw JSON: {
  "signatureHex": "85427da8f00c819b4a170ca383f120ff6a06987d469403a279da8e87a02f7ce3624cb8345818484f1cff552009d6a3d970524b7dfcfdb60f00ae302d19db4de7",
  "hmacAlgorithm": "sha512"
}

=== 2025-05-27 12:19:49 - Chi tiết tạo chữ ký VNPay ===
rawParams: {"vnp_Version":"2.1.0","vnp_Command":"pay","vnp_TmnCode":"BXG8SRK8","vnp_Locale":"vn","vnp_CurrCode":"VND","vnp_TxnRef":"20250527121949262","vnp_OrderInfo":"Thanh toán đặt chỗ C12 - 2025-05-27","vnp_OrderType":"billpayment","vnp_Amount":"100000000","vnp_ReturnUrl":"https://c7ea-113-22-46-72.ngrok-free.app/api/payment/vnpay-return","vnp_IpAddr":"192.168.0.101","vnp_CreateDate":"20250527121949","vnp_BankCode":"NCB"}
Raw JSON: {
  "rawParams": {
    "vnp_Version": "2.1.0",
    "vnp_Command": "pay",
    "vnp_TmnCode": "BXG8SRK8",
    "vnp_Locale": "vn",
    "vnp_CurrCode": "VND",
    "vnp_TxnRef": "20250527121949262",
    "vnp_OrderInfo": "Thanh toán đặt chỗ C12 - 2025-05-27",
    "vnp_OrderType": "billpayment",
    "vnp_Amount": "100000000",
    "vnp_ReturnUrl": "https://c7ea-113-22-46-72.ngrok-free.app/api/payment/vnpay-return",
    "vnp_IpAddr": "192.168.0.101",
    "vnp_CreateDate": "20250527121949",
    "vnp_BankCode": "NCB"
  }
}

=== 2025-05-27 12:19:49 - Chi tiết tạo chữ ký VNPay ===
sortedParams: {"vnp_Amount":"100000000","vnp_BankCode":"NCB","vnp_Command":"pay","vnp_CreateDate":"20250527121949","vnp_CurrCode":"VND","vnp_IpAddr":"192.168.0.101","vnp_Locale":"vn","vnp_OrderInfo":"Thanh+to%C3%A1n+%C4%91%E1%BA%B7t+ch%E1%BB%97+C12+-+2025-05-27","vnp_OrderType":"billpayment","vnp_ReturnUrl":"https%3A%2F%2Fc7ea-113-22-46-72.ngrok-free.app%2Fapi%2Fpayment%2Fvnpay-return","vnp_TmnCode":"BXG8SRK8","vnp_TxnRef":"20250527121949262","vnp_Version":"2.1.0"}
Raw JSON: {
  "sortedParams": {
    "vnp_Amount": "100000000",
    "vnp_BankCode": "NCB",
    "vnp_Command": "pay",
    "vnp_CreateDate": "20250527121949",
    "vnp_CurrCode": "VND",
    "vnp_IpAddr": "192.168.0.101",
    "vnp_Locale": "vn",
    "vnp_OrderInfo": "Thanh+to%C3%A1n+%C4%91%E1%BA%B7t+ch%E1%BB%97+C12+-+2025-05-27",
    "vnp_OrderType": "billpayment",
    "vnp_ReturnUrl": "https%3A%2F%2Fc7ea-113-22-46-72.ngrok-free.app%2Fapi%2Fpayment%2Fvnpay-return",
    "vnp_TmnCode": "BXG8SRK8",
    "vnp_TxnRef": "20250527121949262",
    "vnp_Version": "2.1.0"
  }
}

=== 2025-05-27 12:19:49 - Chi tiết tạo chữ ký VNPay ===
signData: "vnp_Amount=100000000&vnp_BankCode=NCB&vnp_Command=pay&vnp_CreateDate=20250527121949&vnp_CurrCode=VND&vnp_IpAddr=192.168.0.101&vnp_Locale=vn&vnp_OrderInfo=Thanh+to%C3%A1n+%C4%91%E1%BA%B7t+ch%E1%BB%97+C12+-+2025-05-27&vnp_OrderType=billpayment&vnp_ReturnUrl=https%3A%2F%2Fc7ea-113-22-46-72.ngrok-free.app%2Fapi%2Fpayment%2Fvnpay-return&vnp_TmnCode=BXG8SRK8&vnp_TxnRef=20250527121949262&vnp_Version=2.1.0"
secretKey: "CCO21KBSH3AZNGQAQO7YT9K1V0X88NEV"
Raw JSON: {
  "signData": "vnp_Amount=100000000&vnp_BankCode=NCB&vnp_Command=pay&vnp_CreateDate=20250527121949&vnp_CurrCode=VND&vnp_IpAddr=192.168.0.101&vnp_Locale=vn&vnp_OrderInfo=Thanh+to%C3%A1n+%C4%91%E1%BA%B7t+ch%E1%BB%97+C12+-+2025-05-27&vnp_OrderType=billpayment&vnp_ReturnUrl=https%3A%2F%2Fc7ea-113-22-46-72.ngrok-free.app%2Fapi%2Fpayment%2Fvnpay-return&vnp_TmnCode=BXG8SRK8&vnp_TxnRef=20250527121949262&vnp_Version=2.1.0",
  "secretKey": "CCO21KBSH3AZNGQAQO7YT9K1V0X88NEV"
}

=== 2025-05-27 12:19:49 - Chi tiết tạo chữ ký VNPay ===
signatureHex: "71e94b6c34e636f6e3678e65b5077ef2fbf2c1dad180a59b0dd0dcadc89e178e051de699e41d8e0dd8253d34277bea11d57d288362b064354a0a23f800995f05"
hmacAlgorithm: "sha512"
Raw JSON: {
  "signatureHex": "71e94b6c34e636f6e3678e65b5077ef2fbf2c1dad180a59b0dd0dcadc89e178e051de699e41d8e0dd8253d34277bea11d57d288362b064354a0a23f800995f05",
  "hmacAlgorithm": "sha512"
}

=== 2025-05-27 12:23:44 - Chi tiết tạo chữ ký VNPay ===
rawParams: {"vnp_Version":"2.1.0","vnp_Command":"pay","vnp_TmnCode":"BXG8SRK8","vnp_Locale":"vn","vnp_CurrCode":"VND","vnp_TxnRef":"20250527122344262","vnp_OrderInfo":"Thanh toán đặt chỗ C12 - 2025-05-27","vnp_OrderType":"billpayment","vnp_Amount":"100000000","vnp_ReturnUrl":"https://ef6c-113-22-46-72.ngrok-free.app/api/payment/vnpay-return","vnp_IpAddr":"192.168.0.101","vnp_CreateDate":"20250527122344","vnp_BankCode":"NCB"}
Raw JSON: {
  "rawParams": {
    "vnp_Version": "2.1.0",
    "vnp_Command": "pay",
    "vnp_TmnCode": "BXG8SRK8",
    "vnp_Locale": "vn",
    "vnp_CurrCode": "VND",
    "vnp_TxnRef": "20250527122344262",
    "vnp_OrderInfo": "Thanh toán đặt chỗ C12 - 2025-05-27",
    "vnp_OrderType": "billpayment",
    "vnp_Amount": "100000000",
    "vnp_ReturnUrl": "https://ef6c-113-22-46-72.ngrok-free.app/api/payment/vnpay-return",
    "vnp_IpAddr": "192.168.0.101",
    "vnp_CreateDate": "20250527122344",
    "vnp_BankCode": "NCB"
  }
}

=== 2025-05-27 12:23:44 - Chi tiết tạo chữ ký VNPay ===
sortedParams: {"vnp_Amount":"100000000","vnp_BankCode":"NCB","vnp_Command":"pay","vnp_CreateDate":"20250527122344","vnp_CurrCode":"VND","vnp_IpAddr":"192.168.0.101","vnp_Locale":"vn","vnp_OrderInfo":"Thanh+to%C3%A1n+%C4%91%E1%BA%B7t+ch%E1%BB%97+C12+-+2025-05-27","vnp_OrderType":"billpayment","vnp_ReturnUrl":"https%3A%2F%2Fef6c-113-22-46-72.ngrok-free.app%2Fapi%2Fpayment%2Fvnpay-return","vnp_TmnCode":"BXG8SRK8","vnp_TxnRef":"20250527122344262","vnp_Version":"2.1.0"}
Raw JSON: {
  "sortedParams": {
    "vnp_Amount": "100000000",
    "vnp_BankCode": "NCB",
    "vnp_Command": "pay",
    "vnp_CreateDate": "20250527122344",
    "vnp_CurrCode": "VND",
    "vnp_IpAddr": "192.168.0.101",
    "vnp_Locale": "vn",
    "vnp_OrderInfo": "Thanh+to%C3%A1n+%C4%91%E1%BA%B7t+ch%E1%BB%97+C12+-+2025-05-27",
    "vnp_OrderType": "billpayment",
    "vnp_ReturnUrl": "https%3A%2F%2Fef6c-113-22-46-72.ngrok-free.app%2Fapi%2Fpayment%2Fvnpay-return",
    "vnp_TmnCode": "BXG8SRK8",
    "vnp_TxnRef": "20250527122344262",
    "vnp_Version": "2.1.0"
  }
}

=== 2025-05-27 12:23:44 - Chi tiết tạo chữ ký VNPay ===
signData: "vnp_Amount=100000000&vnp_BankCode=NCB&vnp_Command=pay&vnp_CreateDate=20250527122344&vnp_CurrCode=VND&vnp_IpAddr=192.168.0.101&vnp_Locale=vn&vnp_OrderInfo=Thanh+to%C3%A1n+%C4%91%E1%BA%B7t+ch%E1%BB%97+C12+-+2025-05-27&vnp_OrderType=billpayment&vnp_ReturnUrl=https%3A%2F%2Fef6c-113-22-46-72.ngrok-free.app%2Fapi%2Fpayment%2Fvnpay-return&vnp_TmnCode=BXG8SRK8&vnp_TxnRef=20250527122344262&vnp_Version=2.1.0"
secretKey: "CCO21KBSH3AZNGQAQO7YT9K1V0X88NEV"
Raw JSON: {
  "signData": "vnp_Amount=100000000&vnp_BankCode=NCB&vnp_Command=pay&vnp_CreateDate=20250527122344&vnp_CurrCode=VND&vnp_IpAddr=192.168.0.101&vnp_Locale=vn&vnp_OrderInfo=Thanh+to%C3%A1n+%C4%91%E1%BA%B7t+ch%E1%BB%97+C12+-+2025-05-27&vnp_OrderType=billpayment&vnp_ReturnUrl=https%3A%2F%2Fef6c-113-22-46-72.ngrok-free.app%2Fapi%2Fpayment%2Fvnpay-return&vnp_TmnCode=BXG8SRK8&vnp_TxnRef=20250527122344262&vnp_Version=2.1.0",
  "secretKey": "CCO21KBSH3AZNGQAQO7YT9K1V0X88NEV"
}

=== 2025-05-27 12:23:44 - Chi tiết tạo chữ ký VNPay ===
signatureHex: "b553dda94db22efc75a65c94bf2ee865103fb6b289f2f4478916ad9d7c3dd35f85db2afc50caef702506ca08c12443dc2965b8260337644aba99ac3e39285a43"
hmacAlgorithm: "sha512"
Raw JSON: {
  "signatureHex": "b553dda94db22efc75a65c94bf2ee865103fb6b289f2f4478916ad9d7c3dd35f85db2afc50caef702506ca08c12443dc2965b8260337644aba99ac3e39285a43",
  "hmacAlgorithm": "sha512"
}

=== 2025-05-27 12:24:23 - Chi tiết tạo chữ ký VNPay ===
rawParams: {"vnp_Amount":"100000000","vnp_BankCode":"NCB","vnp_BankTranNo":"VNP14981859","vnp_CardType":"ATM","vnp_OrderInfo":"Thanh toán đặt chỗ C12 - 2025-05-27","vnp_PayDate":"20250527122448","vnp_ResponseCode":"00","vnp_TmnCode":"BXG8SRK8","vnp_TransactionNo":"14981859","vnp_TransactionStatus":"00","vnp_TxnRef":"20250527122344262"}
Raw JSON: {
  "rawParams": {
    "vnp_Amount": "100000000",
    "vnp_BankCode": "NCB",
    "vnp_BankTranNo": "VNP14981859",
    "vnp_CardType": "ATM",
    "vnp_OrderInfo": "Thanh toán đặt chỗ C12 - 2025-05-27",
    "vnp_PayDate": "20250527122448",
    "vnp_ResponseCode": "00",
    "vnp_TmnCode": "BXG8SRK8",
    "vnp_TransactionNo": "14981859",
    "vnp_TransactionStatus": "00",
    "vnp_TxnRef": "20250527122344262"
  }
}

=== 2025-05-27 12:24:23 - Chi tiết tạo chữ ký VNPay ===
sortedParams: {"vnp_Amount":"100000000","vnp_BankCode":"NCB","vnp_BankTranNo":"VNP14981859","vnp_CardType":"ATM","vnp_OrderInfo":"Thanh+to%C3%A1n+%C4%91%E1%BA%B7t+ch%E1%BB%97+C12+-+2025-05-27","vnp_PayDate":"20250527122448","vnp_ResponseCode":"00","vnp_TmnCode":"BXG8SRK8","vnp_TransactionNo":"14981859","vnp_TransactionStatus":"00","vnp_TxnRef":"20250527122344262"}
Raw JSON: {
  "sortedParams": {
    "vnp_Amount": "100000000",
    "vnp_BankCode": "NCB",
    "vnp_BankTranNo": "VNP14981859",
    "vnp_CardType": "ATM",
    "vnp_OrderInfo": "Thanh+to%C3%A1n+%C4%91%E1%BA%B7t+ch%E1%BB%97+C12+-+2025-05-27",
    "vnp_PayDate": "20250527122448",
    "vnp_ResponseCode": "00",
    "vnp_TmnCode": "BXG8SRK8",
    "vnp_TransactionNo": "14981859",
    "vnp_TransactionStatus": "00",
    "vnp_TxnRef": "20250527122344262"
  }
}

=== 2025-05-27 12:24:23 - Chi tiết tạo chữ ký VNPay ===
signData: "vnp_Amount=100000000&vnp_BankCode=NCB&vnp_BankTranNo=VNP14981859&vnp_CardType=ATM&vnp_OrderInfo=Thanh+to%C3%A1n+%C4%91%E1%BA%B7t+ch%E1%BB%97+C12+-+2025-05-27&vnp_PayDate=20250527122448&vnp_ResponseCode=00&vnp_TmnCode=BXG8SRK8&vnp_TransactionNo=14981859&vnp_TransactionStatus=00&vnp_TxnRef=20250527122344262"
secretKey: "CCO21KBSH3AZNGQAQO7YT9K1V0X88NEV"
Raw JSON: {
  "signData": "vnp_Amount=100000000&vnp_BankCode=NCB&vnp_BankTranNo=VNP14981859&vnp_CardType=ATM&vnp_OrderInfo=Thanh+to%C3%A1n+%C4%91%E1%BA%B7t+ch%E1%BB%97+C12+-+2025-05-27&vnp_PayDate=20250527122448&vnp_ResponseCode=00&vnp_TmnCode=BXG8SRK8&vnp_TransactionNo=14981859&vnp_TransactionStatus=00&vnp_TxnRef=20250527122344262",
  "secretKey": "CCO21KBSH3AZNGQAQO7YT9K1V0X88NEV"
}

=== 2025-05-27 12:24:23 - Chi tiết tạo chữ ký VNPay ===
signatureHex: "ab0b963c747109a3f1ce665f171e778017c7cf1ef38cf9ccc714e289a126478b29ab307ca7310151b3e1787a70fb58f0e4f23ec3367c502ce506a94d49751505"
hmacAlgorithm: "sha512"
Raw JSON: {
  "signatureHex": "ab0b963c747109a3f1ce665f171e778017c7cf1ef38cf9ccc714e289a126478b29ab307ca7310151b3e1787a70fb58f0e4f23ec3367c502ce506a94d49751505",
  "hmacAlgorithm": "sha512"
}
