
[2025-05-23 00:12:10] VNPay Configuration:
{
  "vnp_TmnCode": "BXG8SRK8",
  "vnp_HashSecret": "CCO21KBSH3AZNGQAQO7YT9K1V0X88NEV",
  "vnp_Url": "https://sandbox.vnpayment.vn/paymentv2/vpcpay.html",
  "vnp_ReturnUrl": "https://a3d8-113-22-46-72.ngrok-free.app/api/payment/vnpay-return",
  "vnp_IpnUrl": "https://eca6-113-22-46-72.ngrok-free.app/api/payment/vnpay-ipn"
}

[2025-05-23 00:12:17] VNPay Configuration:
{
  "vnp_TmnCode": "BXG8SRK8",
  "vnp_HashSecret": "CCO21KBSH3AZNGQAQO7YT9K1V0X88NEV",
  "vnp_Url": "https://sandbox.vnpayment.vn/paymentv2/vpcpay.html",
  "vnp_ReturnUrl": "https://a3d8-113-22-46-72.ngrok-free.app/api/payment/vnpay-return",
  "vnp_IpnUrl": "https://a3d8-113-22-46-72.ngrok-free.app/api/payment/vnpay-ipn"
}

[2025-05-23 00:12:28] VNPay Configuration:
{
  "vnp_TmnCode": "BXG8SRK8",
  "vnp_HashSecret": "CCO21KBSH3AZNGQAQO7YT9K1V0X88NEV",
  "vnp_Url": "https://sandbox.vnpayment.vn/paymentv2/vpcpay.html",
  "vnp_ReturnUrl": "https://a3d8-113-22-46-72.ngrok-free.app/api/payment/vnpay-return",
  "vnp_IpnUrl": "https://a3d8-113-22-46-72.ngrok-free.app/api/payment/vnpay-ipn"
}

[2025-05-23 00:12:41] VNPay Configuration:
{
  "vnp_TmnCode": "BXG8SRK8",
  "vnp_HashSecret": "CCO21KBSH3AZNGQAQO7YT9K1V0X88NEV",
  "vnp_Url": "https://sandbox.vnpayment.vn/paymentv2/vpcpay.html",
  "vnp_ReturnUrl": "https://a3d8-113-22-46-72.ngrok-free.app/api/payment/vnpay-return",
  "vnp_IpnUrl": "https://a3d8-113-22-46-72.ngrok-free.app/api/payment/vnpay-ipn"
}

[2025-05-23 00:13:02] VNPay Configuration:
{
  "vnp_TmnCode": "BXG8SRK8",
  "vnp_HashSecret": "CCO21KBSH3AZNGQAQO7YT9K1V0X88NEV",
  "vnp_Url": "https://sandbox.vnpayment.vn/paymentv2/vpcpay.html",
  "vnp_ReturnUrl": "https://a3d8-113-22-46-72.ngrok-free.app/api/payment/vnpay-return",
  "vnp_IpnUrl": "https://a3d8-113-22-46-72.ngrok-free.app/api/payment/vnpay-ipn"
}

[2025-05-23 00:13:22] VNPay Configuration:
{
  "vnp_TmnCode": "BXG8SRK8",
  "vnp_HashSecret": "CCO21KBSH3AZNGQAQO7YT9K1V0X88NEV",
  "vnp_Url": "https://sandbox.vnpayment.vn/paymentv2/vpcpay.html",
  "vnp_ReturnUrl": "https://a3d8-113-22-46-72.ngrok-free.app/api/payment/vnpay-return",
  "vnp_IpnUrl": "https://a3d8-113-22-46-72.ngrok-free.app/api/payment/vnpay-ipn"
}

[2025-05-23 00:13:23] VNPay Configuration:
{
  "vnp_TmnCode": "BXG8SRK8",
  "vnp_HashSecret": "CCO21KBSH3AZNGQAQO7YT9K1V0X88NEV",
  "vnp_Url": "https://sandbox.vnpayment.vn/paymentv2/vpcpay.html",
  "vnp_ReturnUrl": "https://a3d8-113-22-46-72.ngrok-free.app/api/payment/vnpay-return",
  "vnp_IpnUrl": "https://a3d8-113-22-46-72.ngrok-free.app/api/payment/vnpay-ipn"
}

[2025-05-23 00:13:23] VNPay Configuration:
{
  "vnp_TmnCode": "BXG8SRK8",
  "vnp_HashSecret": "CCO21KBSH3AZNGQAQO7YT9K1V0X88NEV",
  "vnp_Url": "https://sandbox.vnpayment.vn/paymentv2/vpcpay.html",
  "vnp_ReturnUrl": "https://a3d8-113-22-46-72.ngrok-free.app/api/payment/vnpay-return",
  "vnp_IpnUrl": "https://a3d8-113-22-46-72.ngrok-free.app/api/payment/vnpay-ipn"
}

[2025-05-23 00:13:36] VNPay Configuration:
{
  "vnp_TmnCode": "BXG8SRK8",
  "vnp_HashSecret": "CCO21KBSH3AZNGQAQO7YT9K1V0X88NEV",
  "vnp_Url": "https://sandbox.vnpayment.vn/paymentv2/vpcpay.html",
  "vnp_ReturnUrl": "https://a3d8-113-22-46-72.ngrok-free.app/api/payment/vnpay-return",
  "vnp_IpnUrl": "https://a3d8-113-22-46-72.ngrok-free.app/api/payment/vnpay-ipn"
}

[2025-05-23 00:13:36] VNPay Configuration:
{
  "vnp_TmnCode": "BXG8SRK8",
  "vnp_HashSecret": "CCO21KBSH3AZNGQAQO7YT9K1V0X88NEV",
  "vnp_Url": "https://sandbox.vnpayment.vn/paymentv2/vpcpay.html",
  "vnp_ReturnUrl": "https://a3d8-113-22-46-72.ngrok-free.app/api/payment/vnpay-return",
  "vnp_IpnUrl": "https://a3d8-113-22-46-72.ngrok-free.app/api/payment/vnpay-ipn"
}

[2025-05-23 00:19:27] VNPay Configuration:
{
  "vnp_TmnCode": "BXG8SRK8",
  "vnp_HashSecret": "CCO21KBSH3AZNGQAQO7YT9K1V0X88NEV",
  "vnp_Url": "https://sandbox.vnpayment.vn/paymentv2/vpcpay.html",
  "vnp_ReturnUrl": "https://a3d8-113-22-46-72.ngrok-free.app/api/payment/vnpay-return",
  "vnp_IpnUrl": "https://a3d8-113-22-46-72.ngrok-free.app/api/payment/vnpay-ipn"
}

[2025-05-23 00:19:45] VNPay Configuration:
{
  "vnp_TmnCode": "BXG8SRK8",
  "vnp_HashSecret": "CCO21KBSH3AZNGQAQO7YT9K1V0X88NEV",
  "vnp_Url": "https://sandbox.vnpayment.vn/paymentv2/vpcpay.html",
  "vnp_ReturnUrl": "https://a3d8-113-22-46-72.ngrok-free.app/api/payment/vnpay-return",
  "vnp_IpnUrl": "https://a3d8-113-22-46-72.ngrok-free.app/api/payment/vnpay-ipn"
}

[2025-05-23 00:20:03] VNPay Configuration:
{
  "vnp_TmnCode": "BXG8SRK8",
  "vnp_HashSecret": "CCO21KBSH3AZNGQAQO7YT9K1V0X88NEV",
  "vnp_Url": "https://sandbox.vnpayment.vn/paymentv2/vpcpay.html",
  "vnp_ReturnUrl": "https://a3d8-113-22-46-72.ngrok-free.app/api/payment/vnpay-return",
  "vnp_IpnUrl": "https://a3d8-113-22-46-72.ngrok-free.app/api/payment/vnpay-ipn"
}

[2025-05-23 00:20:17] VNPay Configuration:
{
  "vnp_TmnCode": "BXG8SRK8",
  "vnp_HashSecret": "CCO21KBSH3AZNGQAQO7YT9K1V0X88NEV",
  "vnp_Url": "https://sandbox.vnpayment.vn/paymentv2/vpcpay.html",
  "vnp_ReturnUrl": "https://a3d8-113-22-46-72.ngrok-free.app/api/payment/vnpay-return",
  "vnp_IpnUrl": "https://a3d8-113-22-46-72.ngrok-free.app/api/payment/vnpay-ipn"
}

[2025-05-23 00:20:19] VNPay Configuration:
{
  "vnp_TmnCode": "BXG8SRK8",
  "vnp_HashSecret": "CCO21KBSH3AZNGQAQO7YT9K1V0X88NEV",
  "vnp_Url": "https://sandbox.vnpayment.vn/paymentv2/vpcpay.html",
  "vnp_ReturnUrl": "https://a3d8-113-22-46-72.ngrok-free.app/api/payment/vnpay-return",
  "vnp_IpnUrl": "https://a3d8-113-22-46-72.ngrok-free.app/api/payment/vnpay-ipn"
}

[2025-05-23 00:20:19] VNPay Configuration:
{
  "vnp_TmnCode": "BXG8SRK8",
  "vnp_HashSecret": "CCO21KBSH3AZNGQAQO7YT9K1V0X88NEV",
  "vnp_Url": "https://sandbox.vnpayment.vn/paymentv2/vpcpay.html",
  "vnp_ReturnUrl": "https://a3d8-113-22-46-72.ngrok-free.app/api/payment/vnpay-return",
  "vnp_IpnUrl": "https://a3d8-113-22-46-72.ngrok-free.app/api/payment/vnpay-ipn"
}

[2025-05-23 00:20:20] VNPay Configuration:
{
  "vnp_TmnCode": "BXG8SRK8",
  "vnp_HashSecret": "CCO21KBSH3AZNGQAQO7YT9K1V0X88NEV",
  "vnp_Url": "https://sandbox.vnpayment.vn/paymentv2/vpcpay.html",
  "vnp_ReturnUrl": "https://a3d8-113-22-46-72.ngrok-free.app/api/payment/vnpay-return",
  "vnp_IpnUrl": "https://a3d8-113-22-46-72.ngrok-free.app/api/payment/vnpay-ipn"
}

[2025-05-23 00:20:21] VNPay Configuration:
{
  "vnp_TmnCode": "BXG8SRK8",
  "vnp_HashSecret": "CCO21KBSH3AZNGQAQO7YT9K1V0X88NEV",
  "vnp_Url": "https://sandbox.vnpayment.vn/paymentv2/vpcpay.html",
  "vnp_ReturnUrl": "https://a3d8-113-22-46-72.ngrok-free.app/api/payment/vnpay-return",
  "vnp_IpnUrl": "https://a3d8-113-22-46-72.ngrok-free.app/api/payment/vnpay-ipn"
}

[2025-05-23 00:20:22] VNPay Configuration:
{
  "vnp_TmnCode": "BXG8SRK8",
  "vnp_HashSecret": "CCO21KBSH3AZNGQAQO7YT9K1V0X88NEV",
  "vnp_Url": "https://sandbox.vnpayment.vn/paymentv2/vpcpay.html",
  "vnp_ReturnUrl": "https://a3d8-113-22-46-72.ngrok-free.app/api/payment/vnpay-return",
  "vnp_IpnUrl": "https://a3d8-113-22-46-72.ngrok-free.app/api/payment/vnpay-ipn"
}

[2025-05-23 00:20:22] VNPay Configuration:
{
  "vnp_TmnCode": "BXG8SRK8",
  "vnp_HashSecret": "CCO21KBSH3AZNGQAQO7YT9K1V0X88NEV",
  "vnp_Url": "https://sandbox.vnpayment.vn/paymentv2/vpcpay.html",
  "vnp_ReturnUrl": "https://a3d8-113-22-46-72.ngrok-free.app/api/payment/vnpay-return",
  "vnp_IpnUrl": "https://a3d8-113-22-46-72.ngrok-free.app/api/payment/vnpay-ipn"
}

[2025-05-23 00:20:42] VNPay Configuration:
{
  "vnp_TmnCode": "BXG8SRK8",
  "vnp_HashSecret": "CCO21KBSH3AZNGQAQO7YT9K1V0X88NEV",
  "vnp_Url": "https://sandbox.vnpayment.vn/paymentv2/vpcpay.html",
  "vnp_ReturnUrl": "https://a3d8-113-22-46-72.ngrok-free.app/api/payment/vnpay-return",
  "vnp_IpnUrl": "https://a3d8-113-22-46-72.ngrok-free.app/api/payment/vnpay-ipn"
}

[2025-05-23 00:22:12] VNPay Configuration:
{
  "vnp_TmnCode": "BXG8SRK8",
  "vnp_HashSecret": "CCO21KBSH3AZNGQAQO7YT9K1V0X88NEV",
  "vnp_Url": "https://sandbox.vnpayment.vn/paymentv2/vpcpay.html",
  "vnp_ReturnUrl": "https://a3d8-113-22-46-72.ngrok-free.app/api/payment/vnpay-return",
  "vnp_IpnUrl": "https://a3d8-113-22-46-72.ngrok-free.app/api/payment/vnpay-ipn"
}

[2025-05-23 00:22:41] VNPay Configuration:
{
  "vnp_TmnCode": "BXG8SRK8",
  "vnp_HashSecret": "CCO21KBSH3AZNGQAQO7YT9K1V0X88NEV",
  "vnp_Url": "https://sandbox.vnpayment.vn/paymentv2/vpcpay.html",
  "vnp_ReturnUrl": "https://a3d8-113-22-46-72.ngrok-free.app/api/payment/vnpay-return",
  "vnp_IpnUrl": "https://a3d8-113-22-46-72.ngrok-free.app/api/payment/vnpay-ipn"
}

[2025-05-23 00:22:46] VNPay Configuration:
{
  "vnp_TmnCode": "BXG8SRK8",
  "vnp_HashSecret": "CCO21KBSH3AZNGQAQO7YT9K1V0X88NEV",
  "vnp_Url": "https://sandbox.vnpayment.vn/paymentv2/vpcpay.html",
  "vnp_ReturnUrl": "https://a3d8-113-22-46-72.ngrok-free.app/api/payment/vnpay-return",
  "vnp_IpnUrl": "https://a3d8-113-22-46-72.ngrok-free.app/api/payment/vnpay-ipn"
}

[2025-05-23 00:23:19] VNPay Configuration:
{
  "vnp_TmnCode": "BXG8SRK8",
  "vnp_HashSecret": "CCO21KBSH3AZNGQAQO7YT9K1V0X88NEV",
  "vnp_Url": "https://sandbox.vnpayment.vn/paymentv2/vpcpay.html",
  "vnp_ReturnUrl": "https://a3d8-113-22-46-72.ngrok-free.app/api/payment/vnpay-return",
  "vnp_IpnUrl": "https://a3d8-113-22-46-72.ngrok-free.app/api/payment/vnpay-ipn"
}

[2025-05-23 00:24:23] VNPay Configuration:
{
  "vnp_TmnCode": "BXG8SRK8",
  "vnp_HashSecret": "CCO21KBSH3AZNGQAQO7YT9K1V0X88NEV",
  "vnp_Url": "https://sandbox.vnpayment.vn/paymentv2/vpcpay.html",
  "vnp_ReturnUrl": "https://a3d8-113-22-46-72.ngrok-free.app/api/payment/vnpay-return",
  "vnp_IpnUrl": "https://a3d8-113-22-46-72.ngrok-free.app/api/payment/vnpay-ipn"
}

[2025-05-23 00:27:24] VNPay Configuration:
{
  "vnp_TmnCode": "BXG8SRK8",
  "vnp_HashSecret": "CCO21KBSH3AZNGQAQO7YT9K1V0X88NEV",
  "vnp_Url": "https://sandbox.vnpayment.vn/paymentv2/vpcpay.html",
  "vnp_ReturnUrl": "https://a3d8-113-22-46-72.ngrok-free.app/api/payment/vnpay-return",
  "vnp_IpnUrl": "https://a3d8-113-22-46-72.ngrok-free.app/api/payment/vnpay-ipn"
}

[2025-05-23 00:28:10] VNPay Configuration:
{
  "vnp_TmnCode": "BXG8SRK8",
  "vnp_HashSecret": "CCO21KBSH3AZNGQAQO7YT9K1V0X88NEV",
  "vnp_Url": "https://sandbox.vnpayment.vn/paymentv2/vpcpay.html",
  "vnp_ReturnUrl": "https://a3d8-113-22-46-72.ngrok-free.app/api/payment/vnpay-return",
  "vnp_IpnUrl": "https://a3d8-113-22-46-72.ngrok-free.app/api/payment/vnpay-ipn"
}

[2025-05-23 00:28:15] === XỬ LÝ CALLBACK TRẢ VỀ TỪ VNPAY ===
{
  "query": {},
  "ip": "::1"
}

[2025-05-23 00:28:15] Tham số trả về:
{}

[2025-05-23 00:28:15] Thiếu tham số SecureHash trong dữ liệu trả về

[2025-05-23 00:29:02] VNPay Configuration:
{
  "vnp_TmnCode": "BXG8SRK8",
  "vnp_HashSecret": "CCO21KBSH3AZNGQAQO7YT9K1V0X88NEV",
  "vnp_Url": "https://sandbox.vnpayment.vn/paymentv2/vpcpay.html",
  "vnp_ReturnUrl": "https://a3d8-113-22-46-72.ngrok-free.app/api/payment/vnpay-return",
  "vnp_IpnUrl": "https://a3d8-113-22-46-72.ngrok-free.app/api/payment/vnpay-ipn"
}

[2025-05-23 00:30:17] VNPay Configuration:
{
  "vnp_TmnCode": "BXG8SRK8",
  "vnp_HashSecret": "CCO21KBSH3AZNGQAQO7YT9K1V0X88NEV",
  "vnp_Url": "https://sandbox.vnpayment.vn/paymentv2/vpcpay.html",
  "vnp_ReturnUrl": "https://9d03-113-22-46-72.ngrok-free.app/api/payment/vnpay-return",
  "vnp_IpnUrl": "https://a3d8-113-22-46-72.ngrok-free.app/api/payment/vnpay-ipn"
}

[2025-05-23 00:30:18] VNPay Configuration:
{
  "vnp_TmnCode": "BXG8SRK8",
  "vnp_HashSecret": "CCO21KBSH3AZNGQAQO7YT9K1V0X88NEV",
  "vnp_Url": "https://sandbox.vnpayment.vn/paymentv2/vpcpay.html",
  "vnp_ReturnUrl": "https://9d03-113-22-46-72.ngrok-free.app/api/payment/vnpay-return",
  "vnp_IpnUrl": "https://a3d8-113-22-46-72.ngrok-free.app/api/payment/vnpay-ipn"
}

[2025-05-23 00:30:24] VNPay Configuration:
{
  "vnp_TmnCode": "BXG8SRK8",
  "vnp_HashSecret": "CCO21KBSH3AZNGQAQO7YT9K1V0X88NEV",
  "vnp_Url": "https://sandbox.vnpayment.vn/paymentv2/vpcpay.html",
  "vnp_ReturnUrl": "https://9d03-113-22-46-72.ngrok-free.app/api/payment/vnpay-return",
  "vnp_IpnUrl": "https://9d03-113-22-46-72.ngrok-free.app/api/payment/vnpay-ipn"
}

[2025-05-23 00:30:33] VNPay Configuration:
{
  "vnp_TmnCode": "BXG8SRK8",
  "vnp_HashSecret": "CCO21KBSH3AZNGQAQO7YT9K1V0X88NEV",
  "vnp_Url": "https://sandbox.vnpayment.vn/paymentv2/vpcpay.html",
  "vnp_ReturnUrl": "https://9d03-113-22-46-72.ngrok-free.app/api/payment/vnpay-return",
  "vnp_IpnUrl": "https://9d03-113-22-46-72.ngrok-free.app/api/payment/vnpay-ipn"
}

[2025-05-23 00:30:52] VNPay Configuration:
{
  "vnp_TmnCode": "BXG8SRK8",
  "vnp_HashSecret": "CCO21KBSH3AZNGQAQO7YT9K1V0X88NEV",
  "vnp_Url": "https://sandbox.vnpayment.vn/paymentv2/vpcpay.html",
  "vnp_ReturnUrl": "https://9d03-113-22-46-72.ngrok-free.app/api/payment/vnpay-return",
  "vnp_IpnUrl": "https://9d03-113-22-46-72.ngrok-free.app/api/payment/vnpay-ipn"
}

[2025-05-23 00:30:54] VNPay Configuration:
{
  "vnp_TmnCode": "BXG8SRK8",
  "vnp_HashSecret": "CCO21KBSH3AZNGQAQO7YT9K1V0X88NEV",
  "vnp_Url": "https://sandbox.vnpayment.vn/paymentv2/vpcpay.html",
  "vnp_ReturnUrl": "https://9d03-113-22-46-72.ngrok-free.app/api/payment/vnpay-return",
  "vnp_IpnUrl": "https://9d03-113-22-46-72.ngrok-free.app/api/payment/vnpay-ipn"
}

[2025-05-23 00:30:55] VNPay Configuration:
{
  "vnp_TmnCode": "BXG8SRK8",
  "vnp_HashSecret": "CCO21KBSH3AZNGQAQO7YT9K1V0X88NEV",
  "vnp_Url": "https://sandbox.vnpayment.vn/paymentv2/vpcpay.html",
  "vnp_ReturnUrl": "https://9d03-113-22-46-72.ngrok-free.app/api/payment/vnpay-return",
  "vnp_IpnUrl": "https://9d03-113-22-46-72.ngrok-free.app/api/payment/vnpay-ipn"
}

[2025-05-23 00:31:08] VNPay Configuration:
{
  "vnp_TmnCode": "BXG8SRK8",
  "vnp_HashSecret": "CCO21KBSH3AZNGQAQO7YT9K1V0X88NEV",
  "vnp_Url": "https://sandbox.vnpayment.vn/paymentv2/vpcpay.html",
  "vnp_ReturnUrl": "https://9d03-113-22-46-72.ngrok-free.app/api/payment/vnpay-return",
  "vnp_IpnUrl": "https://9d03-113-22-46-72.ngrok-free.app/api/payment/vnpay-ipn"
}

[2025-05-23 00:31:09] VNPay Configuration:
{
  "vnp_TmnCode": "BXG8SRK8",
  "vnp_HashSecret": "CCO21KBSH3AZNGQAQO7YT9K1V0X88NEV",
  "vnp_Url": "https://sandbox.vnpayment.vn/paymentv2/vpcpay.html",
  "vnp_ReturnUrl": "https://9d03-113-22-46-72.ngrok-free.app/api/payment/vnpay-return",
  "vnp_IpnUrl": "https://9d03-113-22-46-72.ngrok-free.app/api/payment/vnpay-ipn"
}

[2025-05-23 00:31:16] VNPay Configuration:
{
  "vnp_TmnCode": "BXG8SRK8",
  "vnp_HashSecret": "CCO21KBSH3AZNGQAQO7YT9K1V0X88NEV",
  "vnp_Url": "https://sandbox.vnpayment.vn/paymentv2/vpcpay.html",
  "vnp_ReturnUrl": "https://9d03-113-22-46-72.ngrok-free.app/api/payment/vnpay-return",
  "vnp_IpnUrl": "https://9d03-113-22-46-72.ngrok-free.app/api/payment/vnpay-ipn"
}

[2025-05-23 00:31:17] VNPay Configuration:
{
  "vnp_TmnCode": "BXG8SRK8",
  "vnp_HashSecret": "CCO21KBSH3AZNGQAQO7YT9K1V0X88NEV",
  "vnp_Url": "https://sandbox.vnpayment.vn/paymentv2/vpcpay.html",
  "vnp_ReturnUrl": "https://9d03-113-22-46-72.ngrok-free.app/api/payment/vnpay-return",
  "vnp_IpnUrl": "https://9d03-113-22-46-72.ngrok-free.app/api/payment/vnpay-ipn"
}

[2025-05-23 00:31:18] VNPay Configuration:
{
  "vnp_TmnCode": "BXG8SRK8",
  "vnp_HashSecret": "CCO21KBSH3AZNGQAQO7YT9K1V0X88NEV",
  "vnp_Url": "https://sandbox.vnpayment.vn/paymentv2/vpcpay.html",
  "vnp_ReturnUrl": "https://9d03-113-22-46-72.ngrok-free.app/api/payment/vnpay-return",
  "vnp_IpnUrl": "https://9d03-113-22-46-72.ngrok-free.app/api/payment/vnpay-ipn"
}

[2025-05-23 00:33:18] VNPay Configuration:
{
  "vnp_TmnCode": "BXG8SRK8",
  "vnp_HashSecret": "CCO21KBSH3AZNGQAQO7YT9K1V0X88NEV",
  "vnp_Url": "https://sandbox.vnpayment.vn/paymentv2/vpcpay.html",
  "vnp_ReturnUrl": "https://9d03-113-22-46-72.ngrok-free.app/api/payment/vnpay-return",
  "vnp_IpnUrl": "https://9d03-113-22-46-72.ngrok-free.app/api/payment/vnpay-ipn"
}

[2025-05-23 00:37:22] === YÊU CẦU TẠO THANH TOÁN VNPAY ===
{
  "bookingId": "182",
  "amount": 4800000,
  "orderInfo": "Thanh toán đặt chỗ K01 - 2025-05-23",
  "returnUrl": "parkingapp://payment-result"
}

[2025-05-23 00:37:22] Kết quả kiểm tra đặt chỗ:
{
  "found": true,
  "bookingId": "182"
}

[2025-05-23 00:37:22] Đã tạo bản ghi thanh toán:
{
  "paymentId": 285,
  "bookingId": "182",
  "amount": 4800000
}

[2025-05-23 00:37:22] Phát hiện URL trả về từ ứng dụng di động:
parkingapp://payment-result

[2025-05-23 00:37:22] URL trả về được sử dụng cho VNPay:
https://9d03-113-22-46-72.ngrok-free.app/api/payment/vnpay-return

[2025-05-23 00:37:22] Tham số gốc VNPay:
{
  "vnp_Version": "2.1.0",
  "vnp_Command": "pay",
  "vnp_TmnCode": "BXG8SRK8",
  "vnp_Locale": "vn",
  "vnp_CurrCode": "VND",
  "vnp_TxnRef": "20250523003722182",
  "vnp_OrderInfo": "Thanh toán đặt chỗ K01 - 2025-05-23",
  "vnp_OrderType": "billpayment",
  "vnp_Amount": "480000000",
  "vnp_ReturnUrl": "https://9d03-113-22-46-72.ngrok-free.app/api/payment/vnpay-return",
  "vnp_IpAddr": "192.168.0.101",
  "vnp_CreateDate": "20250523003722",
  "vnp_BankCode": "NCB"
}

[2025-05-23 00:37:22] Chuỗi dữ liệu signData VNPay:
vnp_Amount=480000000&vnp_BankCode=NCB&vnp_Command=pay&vnp_CreateDate=20250523003722&vnp_CurrCode=VND&vnp_IpAddr=192.168.0.101&vnp_Locale=vn&vnp_OrderInfo=Thanh+to%C3%A1n+%C4%91%E1%BA%B7t+ch%E1%BB%97+K01+-+2025-05-23&vnp_OrderType=billpayment&vnp_ReturnUrl=https%3A%2F%2F9d03-113-22-46-72.ngrok-free.app%2Fapi%2Fpayment%2Fvnpay-return&vnp_TmnCode=BXG8SRK8&vnp_TxnRef=20250523003722182&vnp_Version=2.1.0

[2025-05-23 00:37:22] Chữ ký VNPay đã tạo:
cd8150f504d1652e7c28d56c01eccad7a2be1f4bb92bf5930e2cb55a6c7453c77a0ba487a9ab5a88d7aa0ba3d80ef7aaf3d3c599602837bdf8b980e902fcb195

[2025-05-23 00:37:23] URL thanh toán VNPay:
https://sandbox.vnpayment.vn/paymentv2/vpcpay.html?vnp_Amount=480000000&vnp_BankCode=NCB&vnp_Command=pay&vnp_CreateDate=20250523003722&vnp_CurrCode=VND&vnp_IpAddr=192.168.0.101&vnp_Locale=vn&vnp_OrderInfo=Thanh+to%C3%A1n+%C4%91%E1%BA%B7t+ch%E1%BB%97+K01+-+2025-05-23&vnp_OrderType=billpayment&vnp_ReturnUrl=https%3A%2F%2F9d03-113-22-46-72.ngrok-free.app%2Fapi%2Fpayment%2Fvnpay-return&vnp_TmnCode=BXG8SRK8&vnp_TxnRef=20250523003722182&vnp_Version=2.1.0&vnp_SecureHash=cd8150f504d1652e7c28d56c01eccad7a2be1f4bb92bf5930e2cb55a6c7453c77a0ba487a9ab5a88d7aa0ba3d80ef7aaf3d3c599602837bdf8b980e902fcb195

[2025-05-23 00:37:23] Cập nhật bản ghi thanh toán với reference_id:
{
  "paymentId": 285,
  "orderId": "20250523003722182",
  "returnUrl": "parkingapp://payment-result"
}

[2025-05-23 00:37:23] === TẠO THANH TOÁN VNPAY THÀNH CÔNG ===
{
  "paymentUrl": "https://sandbox.vnpayment.vn/paymentv2/vpcpay.html?vnp_Amount=480000000&vnp_BankCode=NCB&vnp_Command=pay&vnp_CreateDate=20250523003722&vnp_CurrCode=VND&vnp_IpAddr=192.168.0.101&vnp_Locale=vn&vnp_OrderInfo=Thanh+to%C3%A1n+%C4%91%E1%BA%B7t+ch%E1%BB%97+K01+-+2025-05-23&vnp_OrderType=billpayment&vnp_ReturnUrl=https%3A%2F%2F9d03-113-22-46-72.ngrok-free.app%2Fapi%2Fpayment%2Fvnpay-return&vnp_TmnCode=BXG8SRK8&vnp_TxnRef=20250523003722182&vnp_Version=2.1.0&vnp_SecureHash=cd8150f504d1652e7c28d56c01eccad7a2be1f4bb92bf5930e2cb55a6c7453c77a0ba487a9ab5a88d7aa0ba3d80ef7aaf3d3c599602837bdf8b980e902fcb195"
}

[2025-05-23 00:38:27] VNPay Configuration:
{
  "vnp_TmnCode": "BXG8SRK8",
  "vnp_HashSecret": "CCO21KBSH3AZNGQAQO7YT9K1V0X88NEV",
  "vnp_Url": "https://sandbox.vnpayment.vn/paymentv2/vpcpay.html",
  "vnp_ReturnUrl": "https://9d03-113-22-46-72.ngrok-free.app/api/payment/vnpay-return",
  "vnp_IpnUrl": "https://9d03-113-22-46-72.ngrok-free.app/api/payment/vnpay-ipn"
}

[2025-05-23 00:40:59] VNPay Configuration:
{
  "vnp_TmnCode": "BXG8SRK8",
  "vnp_HashSecret": "CCO21KBSH3AZNGQAQO7YT9K1V0X88NEV",
  "vnp_Url": "https://sandbox.vnpayment.vn/paymentv2/vpcpay.html",
  "vnp_ReturnUrl": "https://9d03-113-22-46-72.ngrok-free.app/api/payment/vnpay-return",
  "vnp_IpnUrl": "https://9d03-113-22-46-72.ngrok-free.app/api/payment/vnpay-ipn"
}

[2025-05-23 00:45:25] VNPay Configuration:
{
  "vnp_TmnCode": "BXG8SRK8",
  "vnp_HashSecret": "CCO21KBSH3AZNGQAQO7YT9K1V0X88NEV",
  "vnp_Url": "https://sandbox.vnpayment.vn/paymentv2/vpcpay.html",
  "vnp_ReturnUrl": "https://9d03-113-22-46-72.ngrok-free.app/api/payment/vnpay-return",
  "vnp_IpnUrl": "https://9d03-113-22-46-72.ngrok-free.app/api/payment/vnpay-ipn"
}

[2025-05-23 00:52:48] VNPay Configuration:
{
  "vnp_TmnCode": "BXG8SRK8",
  "vnp_HashSecret": "CCO21KBSH3AZNGQAQO7YT9K1V0X88NEV",
  "vnp_Url": "https://sandbox.vnpayment.vn/paymentv2/vpcpay.html",
  "vnp_ReturnUrl": "https://9d03-113-22-46-72.ngrok-free.app/api/payment/vnpay-return",
  "vnp_IpnUrl": "https://9d03-113-22-46-72.ngrok-free.app/api/payment/vnpay-ipn"
}

[2025-05-23 00:56:09] VNPay Configuration:
{
  "vnp_TmnCode": "BXG8SRK8",
  "vnp_HashSecret": "CCO21KBSH3AZNGQAQO7YT9K1V0X88NEV",
  "vnp_Url": "https://sandbox.vnpayment.vn/paymentv2/vpcpay.html",
  "vnp_ReturnUrl": "https://9d03-113-22-46-72.ngrok-free.app/api/payment/vnpay-return",
  "vnp_IpnUrl": "https://9d03-113-22-46-72.ngrok-free.app/api/payment/vnpay-ipn"
}

[2025-05-23 01:09:05] === YÊU CẦU TẠO THANH TOÁN VNPAY ===
{
  "bookingId": "184",
  "amount": 4800000,
  "orderInfo": "Thanh toán đặt chỗ A21 - 2025-05-23",
  "returnUrl": "parkingapp://payment-result"
}

[2025-05-23 01:09:05] Kết quả kiểm tra đặt chỗ:
{
  "found": true,
  "bookingId": "184"
}

[2025-05-23 01:09:05] Đã tạo bản ghi thanh toán:
{
  "paymentId": 288,
  "bookingId": "184",
  "amount": 4800000
}

[2025-05-23 01:09:05] Phát hiện URL trả về từ ứng dụng di động:
parkingapp://payment-result

[2025-05-23 01:09:05] URL trả về được sử dụng cho VNPay:
https://9d03-113-22-46-72.ngrok-free.app/api/payment/vnpay-return

[2025-05-23 01:09:05] Tham số gốc VNPay:
{
  "vnp_Version": "2.1.0",
  "vnp_Command": "pay",
  "vnp_TmnCode": "BXG8SRK8",
  "vnp_Locale": "vn",
  "vnp_CurrCode": "VND",
  "vnp_TxnRef": "20250523010905184",
  "vnp_OrderInfo": "Thanh toán đặt chỗ A21 - 2025-05-23",
  "vnp_OrderType": "billpayment",
  "vnp_Amount": "480000000",
  "vnp_ReturnUrl": "https://9d03-113-22-46-72.ngrok-free.app/api/payment/vnpay-return",
  "vnp_IpAddr": "192.168.0.101",
  "vnp_CreateDate": "20250523010905",
  "vnp_BankCode": "NCB"
}

[2025-05-23 01:09:05] Chuỗi dữ liệu signData VNPay:
vnp_Amount=480000000&vnp_BankCode=NCB&vnp_Command=pay&vnp_CreateDate=20250523010905&vnp_CurrCode=VND&vnp_IpAddr=192.168.0.101&vnp_Locale=vn&vnp_OrderInfo=Thanh+to%C3%A1n+%C4%91%E1%BA%B7t+ch%E1%BB%97+A21+-+2025-05-23&vnp_OrderType=billpayment&vnp_ReturnUrl=https%3A%2F%2F9d03-113-22-46-72.ngrok-free.app%2Fapi%2Fpayment%2Fvnpay-return&vnp_TmnCode=BXG8SRK8&vnp_TxnRef=20250523010905184&vnp_Version=2.1.0

[2025-05-23 01:09:05] Chữ ký VNPay đã tạo:
2673ab94c9839845b2677676edcc201b49bf346f20e849b1d673d77b6b7b72faa8b7955ccbbcc0f735fe51bbd8b7d4a2cf70b39ebf0b460b16ba90caab4549df

[2025-05-23 01:09:05] URL thanh toán VNPay:
https://sandbox.vnpayment.vn/paymentv2/vpcpay.html?vnp_Amount=480000000&vnp_BankCode=NCB&vnp_Command=pay&vnp_CreateDate=20250523010905&vnp_CurrCode=VND&vnp_IpAddr=192.168.0.101&vnp_Locale=vn&vnp_OrderInfo=Thanh+to%C3%A1n+%C4%91%E1%BA%B7t+ch%E1%BB%97+A21+-+2025-05-23&vnp_OrderType=billpayment&vnp_ReturnUrl=https%3A%2F%2F9d03-113-22-46-72.ngrok-free.app%2Fapi%2Fpayment%2Fvnpay-return&vnp_TmnCode=BXG8SRK8&vnp_TxnRef=20250523010905184&vnp_Version=2.1.0&vnp_SecureHash=2673ab94c9839845b2677676edcc201b49bf346f20e849b1d673d77b6b7b72faa8b7955ccbbcc0f735fe51bbd8b7d4a2cf70b39ebf0b460b16ba90caab4549df

[2025-05-23 01:09:05] Cập nhật bản ghi thanh toán với reference_id:
{
  "paymentId": 288,
  "orderId": "20250523010905184",
  "returnUrl": "parkingapp://payment-result"
}

[2025-05-23 01:09:05] === TẠO THANH TOÁN VNPAY THÀNH CÔNG ===
{
  "paymentUrl": "https://sandbox.vnpayment.vn/paymentv2/vpcpay.html?vnp_Amount=480000000&vnp_BankCode=NCB&vnp_Command=pay&vnp_CreateDate=20250523010905&vnp_CurrCode=VND&vnp_IpAddr=192.168.0.101&vnp_Locale=vn&vnp_OrderInfo=Thanh+to%C3%A1n+%C4%91%E1%BA%B7t+ch%E1%BB%97+A21+-+2025-05-23&vnp_OrderType=billpayment&vnp_ReturnUrl=https%3A%2F%2F9d03-113-22-46-72.ngrok-free.app%2Fapi%2Fpayment%2Fvnpay-return&vnp_TmnCode=BXG8SRK8&vnp_TxnRef=20250523010905184&vnp_Version=2.1.0&vnp_SecureHash=2673ab94c9839845b2677676edcc201b49bf346f20e849b1d673d77b6b7b72faa8b7955ccbbcc0f735fe51bbd8b7d4a2cf70b39ebf0b460b16ba90caab4549df"
}

[2025-05-23 01:11:17] VNPay Configuration:
{
  "vnp_TmnCode": "BXG8SRK8",
  "vnp_HashSecret": "CCO21KBSH3AZNGQAQO7YT9K1V0X88NEV",
  "vnp_Url": "https://sandbox.vnpayment.vn/paymentv2/vpcpay.html",
  "vnp_ReturnUrl": "https://9d03-113-22-46-72.ngrok-free.app/api/payment/vnpay-return",
  "vnp_IpnUrl": "https://9d03-113-22-46-72.ngrok-free.app/api/payment/vnpay-ipn"
}

[2025-05-23 01:11:46] VNPay Configuration:
{
  "vnp_TmnCode": "BXG8SRK8",
  "vnp_HashSecret": "CCO21KBSH3AZNGQAQO7YT9K1V0X88NEV",
  "vnp_Url": "https://sandbox.vnpayment.vn/paymentv2/vpcpay.html",
  "vnp_ReturnUrl": "https://9d03-113-22-46-72.ngrok-free.app/api/payment/vnpay-return",
  "vnp_IpnUrl": "https://9d03-113-22-46-72.ngrok-free.app/api/payment/vnpay-ipn"
}

[2025-05-23 01:12:00] VNPay Configuration:
{
  "vnp_TmnCode": "BXG8SRK8",
  "vnp_HashSecret": "CCO21KBSH3AZNGQAQO7YT9K1V0X88NEV",
  "vnp_Url": "https://sandbox.vnpayment.vn/paymentv2/vpcpay.html",
  "vnp_ReturnUrl": "https://9d03-113-22-46-72.ngrok-free.app/api/payment/vnpay-return",
  "vnp_IpnUrl": "https://9d03-113-22-46-72.ngrok-free.app/api/payment/vnpay-ipn"
}

[2025-05-23 01:12:23] VNPay Configuration:
{
  "vnp_TmnCode": "BXG8SRK8",
  "vnp_HashSecret": "CCO21KBSH3AZNGQAQO7YT9K1V0X88NEV",
  "vnp_Url": "https://sandbox.vnpayment.vn/paymentv2/vpcpay.html",
  "vnp_ReturnUrl": "https://9d03-113-22-46-72.ngrok-free.app/api/payment/vnpay-return",
  "vnp_IpnUrl": "https://9d03-113-22-46-72.ngrok-free.app/api/payment/vnpay-ipn"
}

[2025-05-23 01:12:24] VNPay Configuration:
{
  "vnp_TmnCode": "BXG8SRK8",
  "vnp_HashSecret": "CCO21KBSH3AZNGQAQO7YT9K1V0X88NEV",
  "vnp_Url": "https://sandbox.vnpayment.vn/paymentv2/vpcpay.html",
  "vnp_ReturnUrl": "https://9d03-113-22-46-72.ngrok-free.app/api/payment/vnpay-return",
  "vnp_IpnUrl": "https://9d03-113-22-46-72.ngrok-free.app/api/payment/vnpay-ipn"
}

[2025-05-23 01:12:37] VNPay Configuration:
{
  "vnp_TmnCode": "BXG8SRK8",
  "vnp_HashSecret": "CCO21KBSH3AZNGQAQO7YT9K1V0X88NEV",
  "vnp_Url": "https://sandbox.vnpayment.vn/paymentv2/vpcpay.html",
  "vnp_ReturnUrl": "https://9d03-113-22-46-72.ngrok-free.app/api/payment/vnpay-return",
  "vnp_IpnUrl": "https://9d03-113-22-46-72.ngrok-free.app/api/payment/vnpay-ipn"
}

[2025-05-23 01:12:37] VNPay Configuration:
{
  "vnp_TmnCode": "BXG8SRK8",
  "vnp_HashSecret": "CCO21KBSH3AZNGQAQO7YT9K1V0X88NEV",
  "vnp_Url": "https://sandbox.vnpayment.vn/paymentv2/vpcpay.html",
  "vnp_ReturnUrl": "https://9d03-113-22-46-72.ngrok-free.app/api/payment/vnpay-return",
  "vnp_IpnUrl": "https://9d03-113-22-46-72.ngrok-free.app/api/payment/vnpay-ipn"
}

[2025-05-23 01:13:44] VNPay Configuration:
{
  "vnp_TmnCode": "BXG8SRK8",
  "vnp_HashSecret": "CCO21KBSH3AZNGQAQO7YT9K1V0X88NEV",
  "vnp_Url": "https://sandbox.vnpayment.vn/paymentv2/vpcpay.html",
  "vnp_ReturnUrl": "https://9d03-113-22-46-72.ngrok-free.app/api/payment/vnpay-return",
  "vnp_IpnUrl": "https://9d03-113-22-46-72.ngrok-free.app/api/payment/vnpay-ipn"
}

[2025-05-23 01:14:25] VNPay Configuration:
{
  "vnp_TmnCode": "BXG8SRK8",
  "vnp_HashSecret": "CCO21KBSH3AZNGQAQO7YT9K1V0X88NEV",
  "vnp_Url": "https://sandbox.vnpayment.vn/paymentv2/vpcpay.html",
  "vnp_ReturnUrl": "https://9d03-113-22-46-72.ngrok-free.app/api/payment/vnpay-return",
  "vnp_IpnUrl": "https://9d03-113-22-46-72.ngrok-free.app/api/payment/vnpay-ipn"
}

[2025-05-23 01:18:51] VNPay Configuration:
{
  "vnp_TmnCode": "BXG8SRK8",
  "vnp_HashSecret": "CCO21KBSH3AZNGQAQO7YT9K1V0X88NEV",
  "vnp_Url": "https://sandbox.vnpayment.vn/paymentv2/vpcpay.html",
  "vnp_ReturnUrl": "https://9d03-113-22-46-72.ngrok-free.app/api/payment/vnpay-return",
  "vnp_IpnUrl": "https://9d03-113-22-46-72.ngrok-free.app/api/payment/vnpay-ipn"
}

[2025-05-23 01:18:52] VNPay Configuration:
{
  "vnp_TmnCode": "BXG8SRK8",
  "vnp_HashSecret": "CCO21KBSH3AZNGQAQO7YT9K1V0X88NEV",
  "vnp_Url": "https://sandbox.vnpayment.vn/paymentv2/vpcpay.html",
  "vnp_ReturnUrl": "https://9d03-113-22-46-72.ngrok-free.app/api/payment/vnpay-return",
  "vnp_IpnUrl": "https://9d03-113-22-46-72.ngrok-free.app/api/payment/vnpay-ipn"
}

[2025-05-23 01:33:15] VNPay Configuration:
{
  "vnp_TmnCode": "BXG8SRK8",
  "vnp_HashSecret": "CCO21KBSH3AZNGQAQO7YT9K1V0X88NEV",
  "vnp_Url": "https://sandbox.vnpayment.vn/paymentv2/vpcpay.html",
  "vnp_ReturnUrl": "https://9d03-113-22-46-72.ngrok-free.app/api/payment/vnpay-return",
  "vnp_IpnUrl": "https://9d03-113-22-46-72.ngrok-free.app/api/payment/vnpay-ipn"
}

[2025-05-23 01:33:50] VNPay Configuration:
{
  "vnp_TmnCode": "BXG8SRK8",
  "vnp_HashSecret": "CCO21KBSH3AZNGQAQO7YT9K1V0X88NEV",
  "vnp_Url": "https://sandbox.vnpayment.vn/paymentv2/vpcpay.html",
  "vnp_ReturnUrl": "https://9d03-113-22-46-72.ngrok-free.app/api/payment/vnpay-return",
  "vnp_IpnUrl": "https://9d03-113-22-46-72.ngrok-free.app/api/payment/vnpay-ipn"
}

[2025-05-23 01:34:07] VNPay Configuration:
{
  "vnp_TmnCode": "BXG8SRK8",
  "vnp_HashSecret": "CCO21KBSH3AZNGQAQO7YT9K1V0X88NEV",
  "vnp_Url": "https://sandbox.vnpayment.vn/paymentv2/vpcpay.html",
  "vnp_ReturnUrl": "https://9d03-113-22-46-72.ngrok-free.app/api/payment/vnpay-return",
  "vnp_IpnUrl": "https://9d03-113-22-46-72.ngrok-free.app/api/payment/vnpay-ipn"
}

[2025-05-23 01:34:09] VNPay Configuration:
{
  "vnp_TmnCode": "BXG8SRK8",
  "vnp_HashSecret": "CCO21KBSH3AZNGQAQO7YT9K1V0X88NEV",
  "vnp_Url": "https://sandbox.vnpayment.vn/paymentv2/vpcpay.html",
  "vnp_ReturnUrl": "https://9d03-113-22-46-72.ngrok-free.app/api/payment/vnpay-return",
  "vnp_IpnUrl": "https://9d03-113-22-46-72.ngrok-free.app/api/payment/vnpay-ipn"
}

[2025-05-23 01:39:35] VNPay Configuration:
{
  "vnp_TmnCode": "BXG8SRK8",
  "vnp_HashSecret": "CCO21KBSH3AZNGQAQO7YT9K1V0X88NEV",
  "vnp_Url": "https://sandbox.vnpayment.vn/paymentv2/vpcpay.html",
  "vnp_ReturnUrl": "https://9d03-113-22-46-72.ngrok-free.app/api/payment/vnpay-return",
  "vnp_IpnUrl": "https://9d03-113-22-46-72.ngrok-free.app/api/payment/vnpay-ipn"
}

[2025-05-23 01:39:38] VNPay Configuration:
{
  "vnp_TmnCode": "BXG8SRK8",
  "vnp_HashSecret": "CCO21KBSH3AZNGQAQO7YT9K1V0X88NEV",
  "vnp_Url": "https://sandbox.vnpayment.vn/paymentv2/vpcpay.html",
  "vnp_ReturnUrl": "https://9d03-113-22-46-72.ngrok-free.app/api/payment/vnpay-return",
  "vnp_IpnUrl": "https://9d03-113-22-46-72.ngrok-free.app/api/payment/vnpay-ipn"
}

[2025-05-23 01:39:39] VNPay Configuration:
{
  "vnp_TmnCode": "BXG8SRK8",
  "vnp_HashSecret": "CCO21KBSH3AZNGQAQO7YT9K1V0X88NEV",
  "vnp_Url": "https://sandbox.vnpayment.vn/paymentv2/vpcpay.html",
  "vnp_ReturnUrl": "https://9d03-113-22-46-72.ngrok-free.app/api/payment/vnpay-return",
  "vnp_IpnUrl": "https://9d03-113-22-46-72.ngrok-free.app/api/payment/vnpay-ipn"
}

[2025-05-23 01:39:40] VNPay Configuration:
{
  "vnp_TmnCode": "BXG8SRK8",
  "vnp_HashSecret": "CCO21KBSH3AZNGQAQO7YT9K1V0X88NEV",
  "vnp_Url": "https://sandbox.vnpayment.vn/paymentv2/vpcpay.html",
  "vnp_ReturnUrl": "https://9d03-113-22-46-72.ngrok-free.app/api/payment/vnpay-return",
  "vnp_IpnUrl": "https://9d03-113-22-46-72.ngrok-free.app/api/payment/vnpay-ipn"
}

[2025-05-23 01:39:40] VNPay Configuration:
{
  "vnp_TmnCode": "BXG8SRK8",
  "vnp_HashSecret": "CCO21KBSH3AZNGQAQO7YT9K1V0X88NEV",
  "vnp_Url": "https://sandbox.vnpayment.vn/paymentv2/vpcpay.html",
  "vnp_ReturnUrl": "https://9d03-113-22-46-72.ngrok-free.app/api/payment/vnpay-return",
  "vnp_IpnUrl": "https://9d03-113-22-46-72.ngrok-free.app/api/payment/vnpay-ipn"
}

[2025-05-23 01:39:42] VNPay Configuration:
{
  "vnp_TmnCode": "BXG8SRK8",
  "vnp_HashSecret": "CCO21KBSH3AZNGQAQO7YT9K1V0X88NEV",
  "vnp_Url": "https://sandbox.vnpayment.vn/paymentv2/vpcpay.html",
  "vnp_ReturnUrl": "https://9d03-113-22-46-72.ngrok-free.app/api/payment/vnpay-return",
  "vnp_IpnUrl": "https://9d03-113-22-46-72.ngrok-free.app/api/payment/vnpay-ipn"
}

[2025-05-23 01:39:43] VNPay Configuration:
{
  "vnp_TmnCode": "BXG8SRK8",
  "vnp_HashSecret": "CCO21KBSH3AZNGQAQO7YT9K1V0X88NEV",
  "vnp_Url": "https://sandbox.vnpayment.vn/paymentv2/vpcpay.html",
  "vnp_ReturnUrl": "https://9d03-113-22-46-72.ngrok-free.app/api/payment/vnpay-return",
  "vnp_IpnUrl": "https://9d03-113-22-46-72.ngrok-free.app/api/payment/vnpay-ipn"
}

[2025-05-23 01:39:46] VNPay Configuration:
{
  "vnp_TmnCode": "BXG8SRK8",
  "vnp_HashSecret": "CCO21KBSH3AZNGQAQO7YT9K1V0X88NEV",
  "vnp_Url": "https://sandbox.vnpayment.vn/paymentv2/vpcpay.html",
  "vnp_ReturnUrl": "https://9d03-113-22-46-72.ngrok-free.app/api/payment/vnpay-return",
  "vnp_IpnUrl": "https://9d03-113-22-46-72.ngrok-free.app/api/payment/vnpay-ipn"
}

[2025-05-23 01:39:50] VNPay Configuration:
{
  "vnp_TmnCode": "BXG8SRK8",
  "vnp_HashSecret": "CCO21KBSH3AZNGQAQO7YT9K1V0X88NEV",
  "vnp_Url": "https://sandbox.vnpayment.vn/paymentv2/vpcpay.html",
  "vnp_ReturnUrl": "https://9d03-113-22-46-72.ngrok-free.app/api/payment/vnpay-return",
  "vnp_IpnUrl": "https://9d03-113-22-46-72.ngrok-free.app/api/payment/vnpay-ipn"
}

[2025-05-23 01:39:51] VNPay Configuration:
{
  "vnp_TmnCode": "BXG8SRK8",
  "vnp_HashSecret": "CCO21KBSH3AZNGQAQO7YT9K1V0X88NEV",
  "vnp_Url": "https://sandbox.vnpayment.vn/paymentv2/vpcpay.html",
  "vnp_ReturnUrl": "https://9d03-113-22-46-72.ngrok-free.app/api/payment/vnpay-return",
  "vnp_IpnUrl": "https://9d03-113-22-46-72.ngrok-free.app/api/payment/vnpay-ipn"
}

[2025-05-23 01:40:01] VNPay Configuration:
{
  "vnp_TmnCode": "BXG8SRK8",
  "vnp_HashSecret": "CCO21KBSH3AZNGQAQO7YT9K1V0X88NEV",
  "vnp_Url": "https://sandbox.vnpayment.vn/paymentv2/vpcpay.html",
  "vnp_ReturnUrl": "https://9d03-113-22-46-72.ngrok-free.app/api/payment/vnpay-return",
  "vnp_IpnUrl": "https://9d03-113-22-46-72.ngrok-free.app/api/payment/vnpay-ipn"
}

[2025-05-23 01:43:23] VNPay Configuration:
{
  "vnp_TmnCode": "BXG8SRK8",
  "vnp_HashSecret": "CCO21KBSH3AZNGQAQO7YT9K1V0X88NEV",
  "vnp_Url": "https://sandbox.vnpayment.vn/paymentv2/vpcpay.html",
  "vnp_ReturnUrl": "https://9d03-113-22-46-72.ngrok-free.app/api/payment/vnpay-return",
  "vnp_IpnUrl": "https://9d03-113-22-46-72.ngrok-free.app/api/payment/vnpay-ipn"
}

[2025-05-23 01:43:26] VNPay Configuration:
{
  "vnp_TmnCode": "BXG8SRK8",
  "vnp_HashSecret": "CCO21KBSH3AZNGQAQO7YT9K1V0X88NEV",
  "vnp_Url": "https://sandbox.vnpayment.vn/paymentv2/vpcpay.html",
  "vnp_ReturnUrl": "https://9d03-113-22-46-72.ngrok-free.app/api/payment/vnpay-return",
  "vnp_IpnUrl": "https://9d03-113-22-46-72.ngrok-free.app/api/payment/vnpay-ipn"
}

[2025-05-23 01:46:37] VNPay Configuration:
{
  "vnp_TmnCode": "BXG8SRK8",
  "vnp_HashSecret": "CCO21KBSH3AZNGQAQO7YT9K1V0X88NEV",
  "vnp_Url": "https://sandbox.vnpayment.vn/paymentv2/vpcpay.html",
  "vnp_ReturnUrl": "https://9d03-113-22-46-72.ngrok-free.app/api/payment/vnpay-return",
  "vnp_IpnUrl": "https://9d03-113-22-46-72.ngrok-free.app/api/payment/vnpay-ipn"
}

[2025-05-23 01:46:38] VNPay Configuration:
{
  "vnp_TmnCode": "BXG8SRK8",
  "vnp_HashSecret": "CCO21KBSH3AZNGQAQO7YT9K1V0X88NEV",
  "vnp_Url": "https://sandbox.vnpayment.vn/paymentv2/vpcpay.html",
  "vnp_ReturnUrl": "https://9d03-113-22-46-72.ngrok-free.app/api/payment/vnpay-return",
  "vnp_IpnUrl": "https://9d03-113-22-46-72.ngrok-free.app/api/payment/vnpay-ipn"
}

[2025-05-23 01:47:10] VNPay Configuration:
{
  "vnp_TmnCode": "BXG8SRK8",
  "vnp_HashSecret": "CCO21KBSH3AZNGQAQO7YT9K1V0X88NEV",
  "vnp_Url": "https://sandbox.vnpayment.vn/paymentv2/vpcpay.html",
  "vnp_ReturnUrl": "https://9d03-113-22-46-72.ngrok-free.app/api/payment/vnpay-return",
  "vnp_IpnUrl": "https://9d03-113-22-46-72.ngrok-free.app/api/payment/vnpay-ipn"
}

[2025-05-23 01:47:13] VNPay Configuration:
{
  "vnp_TmnCode": "BXG8SRK8",
  "vnp_HashSecret": "CCO21KBSH3AZNGQAQO7YT9K1V0X88NEV",
  "vnp_Url": "https://sandbox.vnpayment.vn/paymentv2/vpcpay.html",
  "vnp_ReturnUrl": "https://9d03-113-22-46-72.ngrok-free.app/api/payment/vnpay-return",
  "vnp_IpnUrl": "https://9d03-113-22-46-72.ngrok-free.app/api/payment/vnpay-ipn"
}

[2025-05-23 01:47:13] VNPay Configuration:
{
  "vnp_TmnCode": "BXG8SRK8",
  "vnp_HashSecret": "CCO21KBSH3AZNGQAQO7YT9K1V0X88NEV",
  "vnp_Url": "https://sandbox.vnpayment.vn/paymentv2/vpcpay.html",
  "vnp_ReturnUrl": "https://9d03-113-22-46-72.ngrok-free.app/api/payment/vnpay-return",
  "vnp_IpnUrl": "https://9d03-113-22-46-72.ngrok-free.app/api/payment/vnpay-ipn"
}

[2025-05-23 01:49:30] VNPay Configuration:
{
  "vnp_TmnCode": "BXG8SRK8",
  "vnp_HashSecret": "CCO21KBSH3AZNGQAQO7YT9K1V0X88NEV",
  "vnp_Url": "https://sandbox.vnpayment.vn/paymentv2/vpcpay.html",
  "vnp_ReturnUrl": "https://9d03-113-22-46-72.ngrok-free.app/api/payment/vnpay-return",
  "vnp_IpnUrl": "https://9d03-113-22-46-72.ngrok-free.app/api/payment/vnpay-ipn"
}

[2025-05-23 01:50:36] VNPay Configuration:
{
  "vnp_TmnCode": "BXG8SRK8",
  "vnp_HashSecret": "CCO21KBSH3AZNGQAQO7YT9K1V0X88NEV",
  "vnp_Url": "https://sandbox.vnpayment.vn/paymentv2/vpcpay.html",
  "vnp_ReturnUrl": "https://9d03-113-22-46-72.ngrok-free.app/api/payment/vnpay-return",
  "vnp_IpnUrl": "https://9d03-113-22-46-72.ngrok-free.app/api/payment/vnpay-ipn"
}

[2025-05-23 01:50:37] VNPay Configuration:
{
  "vnp_TmnCode": "BXG8SRK8",
  "vnp_HashSecret": "CCO21KBSH3AZNGQAQO7YT9K1V0X88NEV",
  "vnp_Url": "https://sandbox.vnpayment.vn/paymentv2/vpcpay.html",
  "vnp_ReturnUrl": "https://9d03-113-22-46-72.ngrok-free.app/api/payment/vnpay-return",
  "vnp_IpnUrl": "https://9d03-113-22-46-72.ngrok-free.app/api/payment/vnpay-ipn"
}

[2025-05-23 01:51:11] VNPay Configuration:
{
  "vnp_TmnCode": "BXG8SRK8",
  "vnp_HashSecret": "CCO21KBSH3AZNGQAQO7YT9K1V0X88NEV",
  "vnp_Url": "https://sandbox.vnpayment.vn/paymentv2/vpcpay.html",
  "vnp_ReturnUrl": "https://9d03-113-22-46-72.ngrok-free.app/api/payment/vnpay-return",
  "vnp_IpnUrl": "https://9d03-113-22-46-72.ngrok-free.app/api/payment/vnpay-ipn"
}

[2025-05-23 01:51:12] VNPay Configuration:
{
  "vnp_TmnCode": "BXG8SRK8",
  "vnp_HashSecret": "CCO21KBSH3AZNGQAQO7YT9K1V0X88NEV",
  "vnp_Url": "https://sandbox.vnpayment.vn/paymentv2/vpcpay.html",
  "vnp_ReturnUrl": "https://9d03-113-22-46-72.ngrok-free.app/api/payment/vnpay-return",
  "vnp_IpnUrl": "https://9d03-113-22-46-72.ngrok-free.app/api/payment/vnpay-ipn"
}

[2025-05-23 01:55:12] VNPay Configuration:
{
  "vnp_TmnCode": "BXG8SRK8",
  "vnp_HashSecret": "CCO21KBSH3AZNGQAQO7YT9K1V0X88NEV",
  "vnp_Url": "https://sandbox.vnpayment.vn/paymentv2/vpcpay.html",
  "vnp_ReturnUrl": "https://9d03-113-22-46-72.ngrok-free.app/api/payment/vnpay-return",
  "vnp_IpnUrl": "https://9d03-113-22-46-72.ngrok-free.app/api/payment/vnpay-ipn"
}

[2025-05-23 01:55:42] VNPay Configuration:
{
  "vnp_TmnCode": "BXG8SRK8",
  "vnp_HashSecret": "CCO21KBSH3AZNGQAQO7YT9K1V0X88NEV",
  "vnp_Url": "https://sandbox.vnpayment.vn/paymentv2/vpcpay.html",
  "vnp_ReturnUrl": "https://9d03-113-22-46-72.ngrok-free.app/api/payment/vnpay-return",
  "vnp_IpnUrl": "https://9d03-113-22-46-72.ngrok-free.app/api/payment/vnpay-ipn"
}

[2025-05-23 01:55:54] VNPay Configuration:
{
  "vnp_TmnCode": "BXG8SRK8",
  "vnp_HashSecret": "CCO21KBSH3AZNGQAQO7YT9K1V0X88NEV",
  "vnp_Url": "https://sandbox.vnpayment.vn/paymentv2/vpcpay.html",
  "vnp_ReturnUrl": "https://9d03-113-22-46-72.ngrok-free.app/api/payment/vnpay-return",
  "vnp_IpnUrl": "https://9d03-113-22-46-72.ngrok-free.app/api/payment/vnpay-ipn"
}

[2025-05-23 02:04:17] VNPay Configuration:
{
  "vnp_TmnCode": "BXG8SRK8",
  "vnp_HashSecret": "CCO21KBSH3AZNGQAQO7YT9K1V0X88NEV",
  "vnp_Url": "https://sandbox.vnpayment.vn/paymentv2/vpcpay.html",
  "vnp_ReturnUrl": "https://9d03-113-22-46-72.ngrok-free.app/api/payment/vnpay-return",
  "vnp_IpnUrl": "https://9d03-113-22-46-72.ngrok-free.app/api/payment/vnpay-ipn"
}

[2025-05-23 02:04:32] VNPay Configuration:
{
  "vnp_TmnCode": "BXG8SRK8",
  "vnp_HashSecret": "CCO21KBSH3AZNGQAQO7YT9K1V0X88NEV",
  "vnp_Url": "https://sandbox.vnpayment.vn/paymentv2/vpcpay.html",
  "vnp_ReturnUrl": "https://9d03-113-22-46-72.ngrok-free.app/api/payment/vnpay-return",
  "vnp_IpnUrl": "https://9d03-113-22-46-72.ngrok-free.app/api/payment/vnpay-ipn"
}

[2025-05-23 02:04:33] VNPay Configuration:
{
  "vnp_TmnCode": "BXG8SRK8",
  "vnp_HashSecret": "CCO21KBSH3AZNGQAQO7YT9K1V0X88NEV",
  "vnp_Url": "https://sandbox.vnpayment.vn/paymentv2/vpcpay.html",
  "vnp_ReturnUrl": "https://9d03-113-22-46-72.ngrok-free.app/api/payment/vnpay-return",
  "vnp_IpnUrl": "https://9d03-113-22-46-72.ngrok-free.app/api/payment/vnpay-ipn"
}

[2025-05-23 02:05:04] VNPay Configuration:
{
  "vnp_TmnCode": "BXG8SRK8",
  "vnp_HashSecret": "CCO21KBSH3AZNGQAQO7YT9K1V0X88NEV",
  "vnp_Url": "https://sandbox.vnpayment.vn/paymentv2/vpcpay.html",
  "vnp_ReturnUrl": "https://9d03-113-22-46-72.ngrok-free.app/api/payment/vnpay-return",
  "vnp_IpnUrl": "https://9d03-113-22-46-72.ngrok-free.app/api/payment/vnpay-ipn"
}

[2025-05-23 02:05:08] VNPay Configuration:
{
  "vnp_TmnCode": "BXG8SRK8",
  "vnp_HashSecret": "CCO21KBSH3AZNGQAQO7YT9K1V0X88NEV",
  "vnp_Url": "https://sandbox.vnpayment.vn/paymentv2/vpcpay.html",
  "vnp_ReturnUrl": "https://9d03-113-22-46-72.ngrok-free.app/api/payment/vnpay-return",
  "vnp_IpnUrl": "https://9d03-113-22-46-72.ngrok-free.app/api/payment/vnpay-ipn"
}

[2025-05-23 02:09:05] VNPay Configuration:
{
  "vnp_TmnCode": "BXG8SRK8",
  "vnp_HashSecret": "CCO21KBSH3AZNGQAQO7YT9K1V0X88NEV",
  "vnp_Url": "https://sandbox.vnpayment.vn/paymentv2/vpcpay.html",
  "vnp_ReturnUrl": "https://9d03-113-22-46-72.ngrok-free.app/api/payment/vnpay-return",
  "vnp_IpnUrl": "https://9d03-113-22-46-72.ngrok-free.app/api/payment/vnpay-ipn"
}

[2025-05-23 02:10:12] VNPay Configuration:
{
  "vnp_TmnCode": "BXG8SRK8",
  "vnp_HashSecret": "CCO21KBSH3AZNGQAQO7YT9K1V0X88NEV",
  "vnp_Url": "https://sandbox.vnpayment.vn/paymentv2/vpcpay.html",
  "vnp_ReturnUrl": "https://9d03-113-22-46-72.ngrok-free.app/api/payment/vnpay-return",
  "vnp_IpnUrl": "https://9d03-113-22-46-72.ngrok-free.app/api/payment/vnpay-ipn"
}

[2025-05-23 02:13:56] VNPay Configuration:
{
  "vnp_TmnCode": "BXG8SRK8",
  "vnp_HashSecret": "CCO21KBSH3AZNGQAQO7YT9K1V0X88NEV",
  "vnp_Url": "https://sandbox.vnpayment.vn/paymentv2/vpcpay.html",
  "vnp_ReturnUrl": "https://9d03-113-22-46-72.ngrok-free.app/api/payment/vnpay-return",
  "vnp_IpnUrl": "https://9d03-113-22-46-72.ngrok-free.app/api/payment/vnpay-ipn"
}

[2025-05-23 02:14:42] VNPay Configuration:
{
  "vnp_TmnCode": "BXG8SRK8",
  "vnp_HashSecret": "CCO21KBSH3AZNGQAQO7YT9K1V0X88NEV",
  "vnp_Url": "https://sandbox.vnpayment.vn/paymentv2/vpcpay.html",
  "vnp_ReturnUrl": "https://9d03-113-22-46-72.ngrok-free.app/api/payment/vnpay-return",
  "vnp_IpnUrl": "https://9d03-113-22-46-72.ngrok-free.app/api/payment/vnpay-ipn"
}

[2025-05-23 02:14:44] VNPay Configuration:
{
  "vnp_TmnCode": "BXG8SRK8",
  "vnp_HashSecret": "CCO21KBSH3AZNGQAQO7YT9K1V0X88NEV",
  "vnp_Url": "https://sandbox.vnpayment.vn/paymentv2/vpcpay.html",
  "vnp_ReturnUrl": "https://9d03-113-22-46-72.ngrok-free.app/api/payment/vnpay-return",
  "vnp_IpnUrl": "https://9d03-113-22-46-72.ngrok-free.app/api/payment/vnpay-ipn"
}

[2025-05-23 02:15:59] VNPay Configuration:
{
  "vnp_TmnCode": "BXG8SRK8",
  "vnp_HashSecret": "CCO21KBSH3AZNGQAQO7YT9K1V0X88NEV",
  "vnp_Url": "https://sandbox.vnpayment.vn/paymentv2/vpcpay.html",
  "vnp_ReturnUrl": "https://9d03-113-22-46-72.ngrok-free.app/api/payment/vnpay-return",
  "vnp_IpnUrl": "https://9d03-113-22-46-72.ngrok-free.app/api/payment/vnpay-ipn"
}
