
=== 2025-05-23 00:37:22 - Chi tiết tạo chữ ký VNPay ===
rawParams: {"vnp_Version":"2.1.0","vnp_Command":"pay","vnp_TmnCode":"BXG8SRK8","vnp_Locale":"vn","vnp_CurrCode":"VND","vnp_TxnRef":"20250523003722182","vnp_OrderInfo":"Thanh toán đặt chỗ K01 - 2025-05-23","vnp_OrderType":"billpayment","vnp_Amount":"480000000","vnp_ReturnUrl":"https://9d03-113-22-46-72.ngrok-free.app/api/payment/vnpay-return","vnp_IpAddr":"192.168.0.101","vnp_CreateDate":"20250523003722","vnp_BankCode":"NCB"}
Raw JSON: {
  "rawParams": {
    "vnp_Version": "2.1.0",
    "vnp_Command": "pay",
    "vnp_TmnCode": "BXG8SRK8",
    "vnp_Locale": "vn",
    "vnp_CurrCode": "VND",
    "vnp_TxnRef": "20250523003722182",
    "vnp_OrderInfo": "Thanh toán đặt chỗ K01 - 2025-05-23",
    "vnp_OrderType": "billpayment",
    "vnp_Amount": "480000000",
    "vnp_ReturnUrl": "https://9d03-113-22-46-72.ngrok-free.app/api/payment/vnpay-return",
    "vnp_IpAddr": "192.168.0.101",
    "vnp_CreateDate": "20250523003722",
    "vnp_BankCode": "NCB"
  }
}

=== 2025-05-23 00:37:22 - Chi tiết tạo chữ ký VNPay ===
sortedParams: {"vnp_Amount":"480000000","vnp_BankCode":"NCB","vnp_Command":"pay","vnp_CreateDate":"20250523003722","vnp_CurrCode":"VND","vnp_IpAddr":"192.168.0.101","vnp_Locale":"vn","vnp_OrderInfo":"Thanh+to%C3%A1n+%C4%91%E1%BA%B7t+ch%E1%BB%97+K01+-+2025-05-23","vnp_OrderType":"billpayment","vnp_ReturnUrl":"https%3A%2F%2F9d03-113-22-46-72.ngrok-free.app%2Fapi%2Fpayment%2Fvnpay-return","vnp_TmnCode":"BXG8SRK8","vnp_TxnRef":"20250523003722182","vnp_Version":"2.1.0"}
Raw JSON: {
  "sortedParams": {
    "vnp_Amount": "480000000",
    "vnp_BankCode": "NCB",
    "vnp_Command": "pay",
    "vnp_CreateDate": "20250523003722",
    "vnp_CurrCode": "VND",
    "vnp_IpAddr": "192.168.0.101",
    "vnp_Locale": "vn",
    "vnp_OrderInfo": "Thanh+to%C3%A1n+%C4%91%E1%BA%B7t+ch%E1%BB%97+K01+-+2025-05-23",
    "vnp_OrderType": "billpayment",
    "vnp_ReturnUrl": "https%3A%2F%2F9d03-113-22-46-72.ngrok-free.app%2Fapi%2Fpayment%2Fvnpay-return",
    "vnp_TmnCode": "BXG8SRK8",
    "vnp_TxnRef": "20250523003722182",
    "vnp_Version": "2.1.0"
  }
}

=== 2025-05-23 00:37:22 - Chi tiết tạo chữ ký VNPay ===
signData: "vnp_Amount=480000000&vnp_BankCode=NCB&vnp_Command=pay&vnp_CreateDate=20250523003722&vnp_CurrCode=VND&vnp_IpAddr=192.168.0.101&vnp_Locale=vn&vnp_OrderInfo=Thanh+to%C3%A1n+%C4%91%E1%BA%B7t+ch%E1%BB%97+K01+-+2025-05-23&vnp_OrderType=billpayment&vnp_ReturnUrl=https%3A%2F%2F9d03-113-22-46-72.ngrok-free.app%2Fapi%2Fpayment%2Fvnpay-return&vnp_TmnCode=BXG8SRK8&vnp_TxnRef=20250523003722182&vnp_Version=2.1.0"
secretKey: "CCO21KBSH3AZNGQAQO7YT9K1V0X88NEV"
Raw JSON: {
  "signData": "vnp_Amount=480000000&vnp_BankCode=NCB&vnp_Command=pay&vnp_CreateDate=20250523003722&vnp_CurrCode=VND&vnp_IpAddr=192.168.0.101&vnp_Locale=vn&vnp_OrderInfo=Thanh+to%C3%A1n+%C4%91%E1%BA%B7t+ch%E1%BB%97+K01+-+2025-05-23&vnp_OrderType=billpayment&vnp_ReturnUrl=https%3A%2F%2F9d03-113-22-46-72.ngrok-free.app%2Fapi%2Fpayment%2Fvnpay-return&vnp_TmnCode=BXG8SRK8&vnp_TxnRef=20250523003722182&vnp_Version=2.1.0",
  "secretKey": "CCO21KBSH3AZNGQAQO7YT9K1V0X88NEV"
}

=== 2025-05-23 00:37:22 - Chi tiết tạo chữ ký VNPay ===
signatureHex: "cd8150f504d1652e7c28d56c01eccad7a2be1f4bb92bf5930e2cb55a6c7453c77a0ba487a9ab5a88d7aa0ba3d80ef7aaf3d3c599602837bdf8b980e902fcb195"
hmacAlgorithm: "sha512"
Raw JSON: {
  "signatureHex": "cd8150f504d1652e7c28d56c01eccad7a2be1f4bb92bf5930e2cb55a6c7453c77a0ba487a9ab5a88d7aa0ba3d80ef7aaf3d3c599602837bdf8b980e902fcb195",
  "hmacAlgorithm": "sha512"
}

=== 2025-05-23 01:09:05 - Chi tiết tạo chữ ký VNPay ===
rawParams: {"vnp_Version":"2.1.0","vnp_Command":"pay","vnp_TmnCode":"BXG8SRK8","vnp_Locale":"vn","vnp_CurrCode":"VND","vnp_TxnRef":"20250523010905184","vnp_OrderInfo":"Thanh toán đặt chỗ A21 - 2025-05-23","vnp_OrderType":"billpayment","vnp_Amount":"480000000","vnp_ReturnUrl":"https://9d03-113-22-46-72.ngrok-free.app/api/payment/vnpay-return","vnp_IpAddr":"192.168.0.101","vnp_CreateDate":"20250523010905","vnp_BankCode":"NCB"}
Raw JSON: {
  "rawParams": {
    "vnp_Version": "2.1.0",
    "vnp_Command": "pay",
    "vnp_TmnCode": "BXG8SRK8",
    "vnp_Locale": "vn",
    "vnp_CurrCode": "VND",
    "vnp_TxnRef": "20250523010905184",
    "vnp_OrderInfo": "Thanh toán đặt chỗ A21 - 2025-05-23",
    "vnp_OrderType": "billpayment",
    "vnp_Amount": "480000000",
    "vnp_ReturnUrl": "https://9d03-113-22-46-72.ngrok-free.app/api/payment/vnpay-return",
    "vnp_IpAddr": "192.168.0.101",
    "vnp_CreateDate": "20250523010905",
    "vnp_BankCode": "NCB"
  }
}

=== 2025-05-23 01:09:05 - Chi tiết tạo chữ ký VNPay ===
sortedParams: {"vnp_Amount":"480000000","vnp_BankCode":"NCB","vnp_Command":"pay","vnp_CreateDate":"20250523010905","vnp_CurrCode":"VND","vnp_IpAddr":"192.168.0.101","vnp_Locale":"vn","vnp_OrderInfo":"Thanh+to%C3%A1n+%C4%91%E1%BA%B7t+ch%E1%BB%97+A21+-+2025-05-23","vnp_OrderType":"billpayment","vnp_ReturnUrl":"https%3A%2F%2F9d03-113-22-46-72.ngrok-free.app%2Fapi%2Fpayment%2Fvnpay-return","vnp_TmnCode":"BXG8SRK8","vnp_TxnRef":"20250523010905184","vnp_Version":"2.1.0"}
Raw JSON: {
  "sortedParams": {
    "vnp_Amount": "480000000",
    "vnp_BankCode": "NCB",
    "vnp_Command": "pay",
    "vnp_CreateDate": "20250523010905",
    "vnp_CurrCode": "VND",
    "vnp_IpAddr": "192.168.0.101",
    "vnp_Locale": "vn",
    "vnp_OrderInfo": "Thanh+to%C3%A1n+%C4%91%E1%BA%B7t+ch%E1%BB%97+A21+-+2025-05-23",
    "vnp_OrderType": "billpayment",
    "vnp_ReturnUrl": "https%3A%2F%2F9d03-113-22-46-72.ngrok-free.app%2Fapi%2Fpayment%2Fvnpay-return",
    "vnp_TmnCode": "BXG8SRK8",
    "vnp_TxnRef": "20250523010905184",
    "vnp_Version": "2.1.0"
  }
}

=== 2025-05-23 01:09:05 - Chi tiết tạo chữ ký VNPay ===
signData: "vnp_Amount=480000000&vnp_BankCode=NCB&vnp_Command=pay&vnp_CreateDate=20250523010905&vnp_CurrCode=VND&vnp_IpAddr=192.168.0.101&vnp_Locale=vn&vnp_OrderInfo=Thanh+to%C3%A1n+%C4%91%E1%BA%B7t+ch%E1%BB%97+A21+-+2025-05-23&vnp_OrderType=billpayment&vnp_ReturnUrl=https%3A%2F%2F9d03-113-22-46-72.ngrok-free.app%2Fapi%2Fpayment%2Fvnpay-return&vnp_TmnCode=BXG8SRK8&vnp_TxnRef=20250523010905184&vnp_Version=2.1.0"
secretKey: "CCO21KBSH3AZNGQAQO7YT9K1V0X88NEV"
Raw JSON: {
  "signData": "vnp_Amount=480000000&vnp_BankCode=NCB&vnp_Command=pay&vnp_CreateDate=20250523010905&vnp_CurrCode=VND&vnp_IpAddr=192.168.0.101&vnp_Locale=vn&vnp_OrderInfo=Thanh+to%C3%A1n+%C4%91%E1%BA%B7t+ch%E1%BB%97+A21+-+2025-05-23&vnp_OrderType=billpayment&vnp_ReturnUrl=https%3A%2F%2F9d03-113-22-46-72.ngrok-free.app%2Fapi%2Fpayment%2Fvnpay-return&vnp_TmnCode=BXG8SRK8&vnp_TxnRef=20250523010905184&vnp_Version=2.1.0",
  "secretKey": "CCO21KBSH3AZNGQAQO7YT9K1V0X88NEV"
}

=== 2025-05-23 01:09:05 - Chi tiết tạo chữ ký VNPay ===
signatureHex: "2673ab94c9839845b2677676edcc201b49bf346f20e849b1d673d77b6b7b72faa8b7955ccbbcc0f735fe51bbd8b7d4a2cf70b39ebf0b460b16ba90caab4549df"
hmacAlgorithm: "sha512"
Raw JSON: {
  "signatureHex": "2673ab94c9839845b2677676edcc201b49bf346f20e849b1d673d77b6b7b72faa8b7955ccbbcc0f735fe51bbd8b7d4a2cf70b39ebf0b460b16ba90caab4549df",
  "hmacAlgorithm": "sha512"
}
